1587399420999	mozrunner::runner	INFO	Running command: "D:\\Firefox\\firefox.exe" "-marionette" "-foreground" "-no-remote" "-profile" "C:\\Users\\ADMINI~1\\AppData\\Local\\Temp\\rust_mozprofilen9Dmy6"
console.error: JsonSchemaValidator.jsm: 
  Array expected but not received
console.error: Enterprise Policies: 
  Invalid parameters specified for Certificates.
1587399422457	addons.webextension.screenshots@mozilla.org	WARN	Loading extension 'screenshots@mozilla.org': Reading manifest: Invalid extension permission: mozillaAddons
1587399422457	addons.webextension.screenshots@mozilla.org	WARN	Loading extension 'screenshots@mozilla.org': Reading manifest: Invalid extension permission: telemetry
1587399422457	addons.webextension.screenshots@mozilla.org	WARN	Loading extension 'screenshots@mozilla.org': Reading manifest: Invalid extension permission: resource://pdf.js/
1587399422457	addons.webextension.screenshots@mozilla.org	WARN	Loading extension 'screenshots@mozilla.org': Reading manifest: Invalid extension permission: about:reader*
console.warn: "[l10nregistry] Attempting to synchronously load file\n            resource://app/localization/en-US/branding/brand.ftl while it's being loaded asynchronously."
JavaScript error: resource://gre/modules/UrlClassifierListManager.jsm, line 73: NS_ERROR_XPC_GS_RETURNED_FAILURE: ServiceManager::GetService returned failure code:
JavaScript error: resource://gre/modules/SafeBrowsing.jsm, line 303: NS_ERROR_XPC_GS_RETURNED_FAILURE: ServiceManager::GetService returned failure code:
1587399426504	Marionette	INFO	Listening on port 35598
1587399426767	Marionette	WARN	TLS certificate errors will be ignored for this session
JavaScript error: https://mall.sz.energy.js.cn/static/js/e565ed4c.js, line 1: ReferenceError: removed is not defined
[Parent 11480, Gecko_IOThread] WARNING: pipe error: 109: file z:/task_1575282935/build/src/ipc/chromium/src/chrome/common/ipc_channel_win.cc, line 341
[Parent 11480, Gecko_IOThread] WARNING: pipe error: 109: file z:/task_1575282935/build/src/ipc/chromium/src/chrome/common/ipc_channel_win.cc, line 341
[Child 10988, Chrome_ChildThread] WARNING: pipe error: 109: file z:/task_1575282935/build/src/ipc/chromium/src/chrome/common/ipc_channel_win.cc, line 341
[Child 10988, Chr[Parent 11480, Gecko_IOThread] WARNING: pipe error: 109: file z:/task_1575282935/build/src/ipc/chromium/src/chrome/common/ipc_channel_win.cc, line 341
[Child 4848, Chrome_ChildThread] WARNING: pipe error: 109: file z:/task_1575282935/build/src/ipc/chromium/src/chrome/common/ipc_channel_win.cc, line 341
[Child 4848, CJavaScript error: , line 0: AbortError: A request was aborted, for example through a call to IDBTransaction.abort.
1587399528375	Marionette	INFO	Stopped listening on port 35598
1587399615066	mozrunner::runner	INFO	Running command: "D:\\Firefox\\firefox.exe" "-marionette" "-foreground" "-no-remote" "-profile" "C:\\Users\\ADMINI~1\\AppData\\Local\\Temp\\rust_mozprofileYX9Fod"
console.error: JsonSchemaValidator.jsm: 
  Array expected but not received
console.error: Enterprise Policies: 
  Invalid parameters specified for Certificates.
1587399616583	addons.webextension.screenshots@mozilla.org	WARN	Loading extension 'screenshots@mozilla.org': Reading manifest: Invalid extension permission: mozillaAddons
1587399616583	addons.webextension.screenshots@mozilla.org	WARN	Loading extension 'screenshots@mozilla.org': Reading manifest: Invalid extension permission: telemetry
1587399616583	addons.webextension.screenshots@mozilla.org	WARN	Loading extension 'screenshots@mozilla.org': Reading manifest: Invalid extension permission: resource://pdf.js/
1587399616583	addons.webextension.screenshots@mozilla.org	WARN	Loading extension 'screenshots@mozilla.org': Reading manifest: Invalid extension permission: about:reader*
JavaScript error: resource://gre/modules/XULStore.jsm, line 66: Error: Can't find profile directory.
1587399620521	Marionette	INFO	Listening on port 35688
JavaScript error: resource://activity-stream/lib/ActivityStreamPrefs.jsm, line 27: NS_ERROR_ILLEGAL_VALUE: Component returned failure code: 0x80070057 (NS_ERROR_ILLEGAL_VALUE) [nsIPrefBranch.removeObserver]
[Child 14780, Chrome_ChildThread] WARNING: pipe error: 109: file z:/task_1575282935/build/src/ipc/chromium/src/chro[mParent 6392, Gecko_IOThread] WARNING: pipe error: 109: file z:/task_1575282935/build/src/ipc/chromium/src/chrome/common/ipc_channel_win.cc, line 341
e/common/ipc_channel_win.cc, line 341
[[CChild 13352, Chrome_ChildThread] WARNING: pipe error: 109: file z:/task_1575282935/build/src/ipc/chromium/src/chrome/common/ipc_channel_win.cc, line 341
[Child [Child 14932, Chrome_ChildThread] WARNING: pipe error: 109: file z:/task_1575282935/build/src/ipc/chromium/src/chrome/common/ipc_channel_win.cc, line 341
[Child 14932,JavaScript error: resource://gre/modules/Sqlite.jsm, line 912: Error: Connection is not open.
console.error: (new Error("Connection closed before committing the transaction.", "resource://gre/modules/Sqlite.jsm", 683))

###!!! [Parent][DispatchAsyncMessage] Error: PBackgroundIDBFactory::Msg_PBackgroundIDBFactoryRequestConstructor Value error: message was deserialized, but contained an illegal value

JavaScript error: resource://services-common/kinto-offline-client.js, line 603: Error: IndexedDB getLastModified() The operation failed for reasons unrelated to the database itself and not covered by any other error code.
1587399624502	Marionette	INFO	Stopped listening on port 35688
[GPU 240, Ch
###!!! [Child][RunMessage] Error: Channel closing: too late to send/recv, messages will be lost


###!!! [Child][MessageChannel::SendAndWait] Error: Channel error: cannot send/recv

1587399873249	mozrunner::runner	INFO	Running command: "D:\\Firefox\\firefox.exe" "-marionette" "-foreground" "-no-remote" "-profile" "C:\\Users\\ADMINI~1\\AppData\\Local\\Temp\\rust_mozprofileLgvSCv"
console.error: JsonSchemaValidator.jsm: 
  Array expected but not received
console.error: Enterprise Policies: 
  Invalid parameters specified for Certificates.
1587399874617	addons.webextension.screenshots@mozilla.org	WARN	Loading extension 'screenshots@mozilla.org': Reading manifest: Invalid extension permission: mozillaAddons
1587399874617	addons.webextension.screenshots@mozilla.org	WARN	Loading extension 'screenshots@mozilla.org': Reading manifest: Invalid extension permission: telemetry
1587399874617	addons.webextension.screenshots@mozilla.org	WARN	Loading extension 'screenshots@mozilla.org': Reading manifest: Invalid extension permission: resource://pdf.js/
1587399874618	addons.webextension.screenshots@mozilla.org	WARN	Loading extension 'screenshots@mozilla.org': Reading manifest: Invalid extension permission: about:reader*
JavaScript error: resource://gre/modules/XULStore.jsm, line 66: Error: Can't find profile directory.
1587399878961	Marionette	INFO	Listening on port 35745
1587399879047	Marionette	WARN	TLS certificate errors will be ignored for this session
JavaScript error: https://mall.sz.energy.js.cn/static/js/e565ed4c.js, line 1: ReferenceError: removed is not defined
[Child 14960, Chrome_ChildThread] WARNING: pipe error: 109: file z:/task_1575282935/build/src/ipc/chromium/src/chrome/common/ipc_channel_win.cc, line 341
[Child 12388, Chrome_ChildThread] WARNING: pipe error: 109: file z:/task_1575282935/build/src/ipc/chromium/src/chrome/common/ipc_channel_win.cc, line 341
[Child 12388, Chrome_[Parent 17396, Gecko_IOThread] WARNING: pipe error: 109: file z:/task_1575282935/build/src/ipc/chromium/src/chrome/common/ipc_channel_win.cc, line 341
[Child 7400, Chrome_ChildThread] WARNING: pipe error: 109: file z:/task_1575282935/build/src/ipc/chromium/src/chrome/common/ipc_channel_win.cc, line 341
[Child 7400, Chrome1587399927665	Marionette	INFO	Stopped listening on port 35745

###!!! [Child][MessageChannel::SendAndWait] Error: Channel error: cannot send/recv

1587399980095	mozrunner::runner	INFO	Running command: "D:\\Firefox\\firefox.exe" "-marionette" "-foreground" "-no-remote" "-profile" "C:\\Users\\ADMINI~1\\AppData\\Local\\Temp\\rust_mozprofile4PzzG9"
console.error: JsonSchemaValidator.jsm: 
  Array expected but not received
console.error: Enterprise Policies: 
  Invalid parameters specified for Certificates.
1587399981521	addons.webextension.screenshots@mozilla.org	WARN	Loading extension 'screenshots@mozilla.org': Reading manifest: Invalid extension permission: mozillaAddons
1587399981521	addons.webextension.screenshots@mozilla.org	WARN	Loading extension 'screenshots@mozilla.org': Reading manifest: Invalid extension permission: telemetry
1587399981521	addons.webextension.screenshots@mozilla.org	WARN	Loading extension 'screenshots@mozilla.org': Reading manifest: Invalid extension permission: resource://pdf.js/
1587399981521	addons.webextension.screenshots@mozilla.org	WARN	Loading extension 'screenshots@mozilla.org': Reading manifest: Invalid extension permission: about:reader*
JavaScript error: resource://gre/modules/XULStore.jsm, line 66: Error: Can't find profile directory.
1587399985427	Marionette	INFO	Listening on port 35851
1587399985912	Marionette	WARN	TLS certificate errors will be ignored for this session
JavaScript error: https://mall.sz.energy.js.cn/static/js/e565ed4c.js, line 1: ReferenceError: removed is not defined
[Child 1604, Chrome_ChildThread] WARNING: pipe error: 109: file z:/task_1575282935/build/src/ipc/chromium/src/chrome/common/ipc_channel_win.cc, [line 341C
hild [5792, Chrome_ChildThread] WARNING: pipe error: 109: file z:/task_1575282935/build/src/ipc/chromium/src/chrome/common/ipc_channel_win.cc, line 341
[Parent 16424, Gecko_IOThread] WARNING: pipe error: 109: file z:/task_1575282935/build/src/ipc/chromium/src/chrome/common/ipc_channel_win.cc, line 341
[Child 7864, Chrome_ChildThread] WARNING: pipe error: 109: file z:/task_1575282935/build/src/ipc/chromium/src/chrome/common/ipc_channel_win.cc, line 341
[Child 7864,1587400012535	Marionette	INFO	Stopped listening on port 35851

###!!! [Child][RunMessage] Error: Channel closing: too late to send/recv, messages will be lost

[GPU 1
###!!! [Child][MessageChannel::SendAndWait] Error: Channel error: cannot send/recv

1587473877628	mozrunner::runner	INFO	Running command: "D:\\Firefox\\firefox.exe" "-marionette" "-foreground" "-no-remote" "-profile" "C:\\Users\\ADMINI~1\\AppData\\Local\\Temp\\rust_mozprofileRunHWv"
console.error: JsonSchemaValidator.jsm: 
  Array expected but not received
console.error: Enterprise Policies: 
  Invalid parameters specified for Certificates.
1587473879372	addons.webextension.screenshots@mozilla.org	WARN	Loading extension 'screenshots@mozilla.org': Reading manifest: Invalid extension permission: mozillaAddons
1587473879372	addons.webextension.screenshots@mozilla.org	WARN	Loading extension 'screenshots@mozilla.org': Reading manifest: Invalid extension permission: telemetry
1587473879373	addons.webextension.screenshots@mozilla.org	WARN	Loading extension 'screenshots@mozilla.org': Reading manifest: Invalid extension permission: resource://pdf.js/
1587473879373	addons.webextension.screenshots@mozilla.org	WARN	Loading extension 'screenshots@mozilla.org': Reading manifest: Invalid extension permission: about:reader*
JavaScript error: resource://gre/modules/XULStore.jsm, line 66: Error: Can't find profile directory.
1587473884897	Marionette	INFO	Listening on port 24635
1587473885022	Marionette	WARN	TLS certificate errors will be ignored for this session
[Parent 10460, Gecko_IOThread] WARNING: pipe error: 109: file z:/task_1575282935/build/src/ipc/chromium/src/chrome/common/ipc_channel_win.cc, line 341
[Parent 10460, Gecko_IOThread] WARNING: pipe error: 109: file z:/task_1575282935/build/src/ipc/chromium/src/chrome/common/ipc_channel_win.cc, line 341
[Child 12956, Chrome_ChildThread] WARNING: pipe error: 109: file z:/task_1575282935/build/src/ipc/chromium/src/chrome/common/ipc_channel_win.[Child 13004, Chrome_ChildThrcec, line 341
ad] WARNING: pipe error: 109: file z:/task_1575282935/build/src/ipc/chromium/src/chrome/common/ipc_channel_win.cc, line 341
[Child 13004, Chrome_ChildThread] WARNING: pipe error: 109: file z:/task_1575282935/build/src/ipc/chromium/src/chrom[Parent 10460, Gecko_IOThread] WARNING: pipe error: 109: file z:/task_1575282935/build/src/ipc/chromium/src/chrome/common/ipc_channel_win.cc, line 341
[Child 12992, Chrome_ChildThread] WARNING: pipe error: 109: file z:/task_1575282935/build/src/ipc/chromium/src/chrome/common/ipc_channel_win.cc, line 341
[Child 12992, C1587473889977	Marionette	INFO	Stopped listening on port 24635
[GPU 
###!!! [Child][RunMessage] Error: Channel closing: too late to send/recv, messages will be lost

82001587474106432	mozrunner::runner	INFO	Running command: "D:\\Firefox\\firefox.exe" "-marionette" "-foreground" "-no-remote" "-profile" "C:\\Users\\ADMINI~1\\AppData\\Local\\Temp\\rust_mozprofile8o6ena"
console.error: JsonSchemaValidator.jsm: 
  Array expected but not received
console.error: Enterprise Policies: 
  Invalid parameters specified for Certificates.
1587474107772	addons.webextension.screenshots@mozilla.org	WARN	Loading extension 'screenshots@mozilla.org': Reading manifest: Invalid extension permission: mozillaAddons
1587474107772	addons.webextension.screenshots@mozilla.org	WARN	Loading extension 'screenshots@mozilla.org': Reading manifest: Invalid extension permission: telemetry
1587474107772	addons.webextension.screenshots@mozilla.org	WARN	Loading extension 'screenshots@mozilla.org': Reading manifest: Invalid extension permission: resource://pdf.js/
1587474107772	addons.webextension.screenshots@mozilla.org	WARN	Loading extension 'screenshots@mozilla.org': Reading manifest: Invalid extension permission: about:reader*
JavaScript error: resource://gre/modules/XULStore.jsm, line 66: Error: Can't find profile directory.
1587474111298	Marionette	INFO	Listening on port 24752
1587474111665	Marionette	WARN	TLS certificate errors will be ignored for this session
JavaScript error: http://www.800pharm.com/shop/product-100068-543907.html, line 2898: ReferenceError: getLatestUrl is not defined
JavaScript error: http://www.800pharm.com/shop/product-100068-543907.html, line 3175: ReferenceError: getLatestUrl is not defined
[Parent 12812, Gecko_IOThread] WARNING: pipe error: 109: file z:/task_1575282935/build/src/ipc/chromium/src/chrome/common/ipc_channel_win.cc, line 341
[Child 6228, Chrome_ChildThread] WARNING: pipe error: 109: file z:/task_1575282935/build/src/ipc/chromium/src/chrome/common/ipc_channel_win.cc, line 341
[Child 6228, Chrome_ChildThread] WARNING: pipe error: 109: file z[Child 10668, Chrome_ChildThread] WARNING: pipe error: 109: file z:/task_1575282935/build/src/ipc/chromium/src/chrome/common/ipc_channel_win.cc, line 341
[Child 10668, Chrome_ChildThread] WARNING: pipe error: 109: file z:/task_1575282935/build/src/ipc/chromium/src/chrome/common/ipc_channel_win.cc, line 341
[Parent 12812, Gecko_IOThread] WARNING: pipe error: 109: file z:/task_1575282935/build/src/ipc/chromium/src/chrome/common/ipc_channel_win.cc, line 341
[Child 13284, Chrome_ChildThread] WARNING: pipe error: 109: file z:/task_1575282935/build/src/ipc/chromium/src/chrome/common/ipc_channel_win.cc, line 341
[Child 13284, 1587474330286	Marionette	INFO	Stopped listening on port 24752
[GP
###!!! [Child][RunMessage] Error: Channel closing: too late to send/recv, messages will be lost

U 14
###!!! [Child][MessageChannel::SendAndWait] Error: Channel error: cannot send/recv

1587645898832	mozrunner::runner	INFO	Running command: "D:\\Firefox\\firefox.exe" "-marionette" "-foreground" "-no-remote" "-profile" "C:\\Users\\ADMINI~1\\AppData\\Local\\Temp\\rust_mozprofilei2e22u"
console.error: JsonSchemaValidator.jsm: 
  Array expected but not received
console.error: Enterprise Policies: 
  Invalid parameters specified for Certificates.
1587645904259	addons.webextension.screenshots@mozilla.org	WARN	Loading extension 'screenshots@mozilla.org': Reading manifest: Invalid extension permission: mozillaAddons
1587645904259	addons.webextension.screenshots@mozilla.org	WARN	Loading extension 'screenshots@mozilla.org': Reading manifest: Invalid extension permission: telemetry
1587645904259	addons.webextension.screenshots@mozilla.org	WARN	Loading extension 'screenshots@mozilla.org': Reading manifest: Invalid extension permission: resource://pdf.js/
1587645904259	addons.webextension.screenshots@mozilla.org	WARN	Loading extension 'screenshots@mozilla.org': Reading manifest: Invalid extension permission: about:reader*
JavaScript error: resource://gre/modules/XULStore.jsm, line 66: Error: Can't find profile directory.
1587645916038	Marionette	INFO	Listening on port 9223
1587645916449	Marionette	WARN	TLS certificate errors will be ignored for this session
1587645917613	Marionette	ERROR	[23] No reply from Marionette:Register
[Parent 920, Gecko_IOThread] WARNING: pipe error: 109: file z:/task_1575282935/build/src/ipc/chromium/src/chrome/common/ipc_channel_win.cc, line 341
[Child 12760, Chrome_ChildThread] WARNING: pipe error: 109: file z:/task_1575282935/build/src/ipc/chromium/src/chrome/common/ipc_channel_win.cc, line 341
[Child 12760, Ch[Parent 920, Gecko_IOThread] WARNING: pipe error: 109: file z:/task_1575282935/build/src/ipc/chromium/src/chrome/common/ipc_channel_win.cc, line 341
[Parent 920, Gecko_IOThread] WARNING: pipe error: 109: file z:/task_1575282935/build/src/ipc/chromium/src/chrome/common/ipc_channel_win.cc, line 341
[Child 12772, Chrome_ChildThread] WARNING: pipe error: 109: file z:/task_1575282935/build/src/ipc/chromium/src/chrome/common/ipc_channel_win.cc, line 341
[Child 12772, Chrome_ChildThread] WARNING: p[Child 8136, Chrome_ChildThread] [Child 53WARNING: pipe erro[Parent 920, Gecko_IOThread] WARNING: pipe error: 109: file z:/task_1575282935/build/src/ipc/chromium/sr2r:8, Chrocm /1c09:hreo _ChildThread] WARNINfmiGle:e/common  z://ipctp_aicsphkean _ne1el5r_win.cc, rline 341
or: 109: file[Child 6724, Chrome_ChildThread] WARNING: pipe error: 109: file z:/task_1575282935/build/src/ipc/chromium/src/chrome/common/ipc_channel_win.cc, line 341
75282935/build/src/ipc/chromium/src/chrome/common/ipc_channel_win.cc, line 341
 z:/task_1575282935/build/src/ipc/chromium/src/chrome/common/ipc_channel_win.cc, line 341
JavaScript error: , line 0: AbortError: A request was aborted, for example through a call to IDBTransaction.abort.
1587646144240	Marionette	INFO	Stopped listening on port 9223

###!!! [Child][RunMessage] Error: Channel closing: too late to send/recv, messages will be lost

[GPU 110
###!!! [Child][MessageChannel::SendAndWait] Error: Channel error: cannot send/recv

1587649010451	mozrunner::runner	INFO	Running command: "D:\\Firefox\\firefox.exe" "-marionette" "-foreground" "-no-remote" "-profile" "C:\\Users\\ADMINI~1\\AppData\\Local\\Temp\\rust_mozprofileiMABg4"
console.error: JsonSchemaValidator.jsm: 
  Array expected but not received
console.error: Enterprise Policies: 
  Invalid parameters specified for Certificates.
1587649011866	addons.webextension.screenshots@mozilla.org	WARN	Loading extension 'screenshots@mozilla.org': Reading manifest: Invalid extension permission: mozillaAddons
1587649011866	addons.webextension.screenshots@mozilla.org	WARN	Loading extension 'screenshots@mozilla.org': Reading manifest: Invalid extension permission: telemetry
1587649011866	addons.webextension.screenshots@mozilla.org	WARN	Loading extension 'screenshots@mozilla.org': Reading manifest: Invalid extension permission: resource://pdf.js/
1587649011866	addons.webextension.screenshots@mozilla.org	WARN	Loading extension 'screenshots@mozilla.org': Reading manifest: Invalid extension permission: about:reader*
JavaScript error: resource://gre/modules/XULStore.jsm, line 66: Error: Can't find profile directory.
1587649016743	Marionette	INFO	Listening on port 9775
1587649016826	Marionette	WARN	TLS certificate errors will be ignored for this session
[Child 3540, Chrome_ChildThread] WARNING: pipe error: 109: file z:/task_1575282935[Child 4972, Chrome_ChildThread] WARNING/build/s: pipe error: 10rc/ip9: file z:/c/chtask_1575282935/buildrom/src/ipc/cium/shromium/srcr/cchr/ome/common/ipc_channel_win.cc, line c341
hro[me/common/ipc_channel_win.cc, line 341
[Child 354[Parent 12864, Gecko_IOThread] WARNING: pipe error: 109: file z:/task_1575282935/build/src/ipc/chromium/src/chrome/common/ipc_channel_win.cc, line 341
1587649445374	Marionette	INFO	Stopped listening on port 9775
[GPU 57
###!!! [Child][RunMessage] Error: Channel closing: too late to send/recv, messages will be lost

16, Chrome_Chi
###!!! [Child][MessageChannel::SendAndWait] Error: Channel error: cannot send/recv

1587649493031	mozrunner::runner	INFO	Running command: "D:\\Firefox\\firefox.exe" "-marionette" "-foreground" "-no-remote" "-profile" "C:\\Users\\ADMINI~1\\AppData\\Local\\Temp\\rust_mozprofileVYFlYa"
console.error: JsonSchemaValidator.jsm: 
  Array expected but not received
console.error: Enterprise Policies: 
  Invalid parameters specified for Certificates.
1587649494802	addons.webextension.screenshots@mozilla.org	WARN	Loading extension 'screenshots@mozilla.org': Reading manifest: Invalid extension permission: mozillaAddons
1587649494802	addons.webextension.screenshots@mozilla.org	WARN	Loading extension 'screenshots@mozilla.org': Reading manifest: Invalid extension permission: telemetry
1587649494803	addons.webextension.screenshots@mozilla.org	WARN	Loading extension 'screenshots@mozilla.org': Reading manifest: Invalid extension permission: resource://pdf.js/
1587649494803	addons.webextension.screenshots@mozilla.org	WARN	Loading extension 'screenshots@mozilla.org': Reading manifest: Invalid extension permission: about:reader*
JavaScript error: resource://gre/modules/UrlClassifierListManager.jsm, line 73: NS_ERROR_XPC_GS_RETURNED_FAILURE: ServiceManager::GetService returned failure code:
JavaScript error: resource://gre/modules/SafeBrowsing.jsm, line 303: NS_ERROR_XPC_GS_RETURNED_FAILURE: ServiceManager::GetService returned failure code:
1587649499626	Marionette	INFO	Listening on port 54019
1587649499896	Marionette	WARN	TLS certificate errors will be ignored for this session
[Parent 908, Gecko_IOThread] WARNING: pipe error: 109: file z:/task_1575282935/build/src/ipc/chromium/src/chrome/common/ipc_channel_win.cc, line 341
[Child 12268, Chrome_ChildThread] WARNING: pipe error: 109: file z:/task_1575282935/build/src/ipc/chromium/src/chrome/common/ipc_channel_win.cc, line 341
[Child 12268, Chrome_ChildThread] WARJavaScript error: https://dss1.bdstatic.com/5eN1bjq8AAUYm2zgoY3K/r/www/cache/static/protocol/https/plugins/every_cookie_4644b13.js, line 4: ReferenceError: c is not defined
JavaScript warning: https://www.cmd5.com/css/jquery.min.js, line 2: Using //@ to indicate sourceMappingURL pragmas is deprecated. Use //# instead
JavaScript warning: https://www.cmd5.com/css/jquery.min.js, line 2: Using //@ to indicate sourceMappingURL pragmas is deprecated. Use //# instead
[Parent 908, Gecko_IOThread] WARNING: pipe error: 109: file z:/task_1575282935/build/src/ipc/chromium/src/chrome/common/ipc_channel_win.cc, line 341
[Child 12728, Chrome_ChildThread] WARNING: pipe error: 109: file z:/task_1575282935/build/src/ipc/chromium/src/chrome/common/ipc_channel_win.cc, line 341
[Child 12728, Chrome_ChildThread] WARNING: pipe JavaScript error: http://221.224.159.211:9011/welcome?timestamp=1587656285651, line 246: TypeError: info is null
JavaScript error: http://221.224.159.211:9011/logsList?timestamp=1587656285648, line 108: TypeError: info is null
JavaScript error: http://221.224.159.211:9011/welcome?timestamp=1587656285651, line 246: TypeError: info is null
JavaScript error: http://221.224.159.211:9011/welcome?timestamp=1587657688027, line 246: TypeError: info is null
JavaScript error: http://221.224.159.211:9011/logsList?timestamp=1587656285648, line 108: TypeError: info is null
[Parent 908, Gecko_IOThread] WARNING: pipe error: 109: file z:/task_1575282935/build/src/ipc/chromium/src/chrome/common/ipc_channel_win.cc, line 341
[Parent 908, Gecko_IOThread] WARNING: pipe error: 109: file z:/task_1575282935/build/src/ipc/chromium/src/chrome/common/ipc_channel_win.cc, line 341
[Child 6988, Chrome_ChildThread] WARNING: pipe error: 109: file z:/task_1575282935/build/src/ipc/chromium/src/chrome/common/ipc_channel_win.cc, line 341
[Child 69[Child 6704, Chrome_ChildThread] WARNING: pipe error: 109: file z:/task_1575282935/build/src/ipc/chromium/src/chrome/common/ipc_channel_win.cc, line 341
[Child 6704, Chrome[Parent 908, Gecko_IOThread] WARNING: file z:/task_1575282935/build/src/ipc/chromium/src/base/process_util_win.cc, line 160
[Parent 908, Gecko_IOThread] WARNING: pipe error: 109: file z:/task_1575282935/build/src/ipc/chromium/src/chrome/common/ipc_channel_win.cc, line 341
[Child 11908, Chrome_ChildThread] WARNING: pipe error: 109: file z:/task_1575282935/build/src/ipc/chromium/src/chrome/common/ipc_channel_win.cc, line 341
[Child 11908, Chrome_ChildThre1587659067854	Marionette	INFO	Stopped listening on port 54019
1587713292333	mozrunner::runner	INFO	Running command: "D:\\Firefox\\firefox.exe" "-marionette" "-foreground" "-no-remote" "-profile" "C:\\Users\\ADMINI~1\\AppData\\Local\\Temp\\rust_mozprofileUPsbqv"
console.error: JsonSchemaValidator.jsm: 
  Array expected but not received
console.error: Enterprise Policies: 
  Invalid parameters specified for Certificates.
1587713295931	addons.webextension.screenshots@mozilla.org	WARN	Loading extension 'screenshots@mozilla.org': Reading manifest: Invalid extension permission: mozillaAddons
1587713295931	addons.webextension.screenshots@mozilla.org	WARN	Loading extension 'screenshots@mozilla.org': Reading manifest: Invalid extension permission: telemetry
1587713295931	addons.webextension.screenshots@mozilla.org	WARN	Loading extension 'screenshots@mozilla.org': Reading manifest: Invalid extension permission: resource://pdf.js/
1587713295931	addons.webextension.screenshots@mozilla.org	WARN	Loading extension 'screenshots@mozilla.org': Reading manifest: Invalid extension permission: about:reader*
JavaScript error: resource://gre/modules/XULStore.jsm, line 66: Error: Can't find profile directory.
1587713306207	Marionette	INFO	Listening on port 32618
1587713306961	Marionette	WARN	TLS certificate errors will be ignored for this session
JavaScript error: https://mall.sz.energy.js.cn/static/js/e565ed4c.js, line 1: ReferenceError: removed is not defined
JavaScript error: https://mall.sz.energy.js.cn/static/js/e565ed4c.js, line 1: ReferenceError: removed is not defined
JavaScript error: , line 0: AbortError: The fetching process for the media resource was aborted by the user agent at the user's request.
JavaScript error: , line 0: AbortError: The fetching process for the media resource was aborted by the user agent at the user's request.
JavaScript error: , line 0: AbortError: The fetching process for the media resource was aborted by the user agent at the user's request.
JavaScript error: , line 0: AbortError: The fetching process for the media resource was aborted by the user agent at the user's request.
JavaScript error: , line 0: AbortError: The fetching process for the media resource was aborted by the user agent at the user's request.
JavaScript error: , line 0: AbortError: The fetching process for the media resource was aborted by the user agent at the user's request.
JavaScript error: , line 0: AbortError: The fetching process for the media resource was aborted by the user agent at the user's request.
JavaScript error: , line 0: AbortError: The fetching process for the media resource was aborted by the user agent at the user's request.
JavaScript error: , line 0: AbortError: The fetching process for the media resource was aborted by the user agent at the user's request.
JavaScript error: , line 0: AbortError: The fetching process for the media resource was aborted by the user agent at the user's request.
[Child 4500, Chrome_ChildThread] WARNING: pipe error: 109: file z:/task_1575282935/build/src/ipc/chromium/src/chrome/common/ipc_channel_win.cc, line 341
[Parent 4416, Gecko_IOThread] WARNING: file z:/task_1575282935/build/src/ipc/chromium/src/base/process_util_win.cc, line 160
[Parent 4416, Gecko_IOThread] WARNING: pipe error: 109: file z:/task_1575282935/build/src/ipc/chromium/src/chrome/common/ipc_channel_win.cc, line 341
1587716412577	Marionette	INFO	Stopped listening on port 32618

###!!! [Child][RunMessage] Error: Channel closing: too late to send/recv, messages will be lost

[GPU 14136, Chrome_ChildThread] WARN1587737491195	mozrunner::runner	INFO	Running command: "D:\\Firefox\\firefox.exe" "-marionette" "-foreground" "-no-remote" "-profile" "C:\\Users\\ADMINI~1\\AppData\\Local\\Temp\\rust_mozprofile67GU5Z"
console.error: JsonSchemaValidator.jsm: 
  Array expected but not received
console.error: Enterprise Policies: 
  Invalid parameters specified for Certificates.
1587737496774	addons.webextension.screenshots@mozilla.org	WARN	Loading extension 'screenshots@mozilla.org': Reading manifest: Invalid extension permission: mozillaAddons
1587737496774	addons.webextension.screenshots@mozilla.org	WARN	Loading extension 'screenshots@mozilla.org': Reading manifest: Invalid extension permission: telemetry
1587737496774	addons.webextension.screenshots@mozilla.org	WARN	Loading extension 'screenshots@mozilla.org': Reading manifest: Invalid extension permission: resource://pdf.js/
1587737496774	addons.webextension.screenshots@mozilla.org	WARN	Loading extension 'screenshots@mozilla.org': Reading manifest: Invalid extension permission: about:reader*
JavaScript error: resource://gre/modules/XULStore.jsm, line 66: Error: Can't find profile directory.
1587737508242	Marionette	INFO	Listening on port 39306
1587737508657	Marionette	WARN	TLS certificate errors will be ignored for this session
[Parent 38948, Gecko_IOThread] WARNING: pipe error: 109: file z:/task_1575282935/build/src/ipc/chromium/src/chrome/common/ipc_channel_win.cc, line 341
[Child 41228, Chrome_ChildThread] WARNING: pipe error: 109: file z:/task_1575282935/build/src/ipc/chromium/src/chrome/common/ipc_channel_win.cc, line 341
[Child 41228, C[Parent 38948, Gecko_IOThread] WARNING: pipe error: 109: file z:/task_1575282935/build/src/ipc/chromium/src/chrome/common/ipc_channel_win.cc, line 341
[Parent 38948, Gecko_IOThread] WARNING: pipe error: 109: file z:/task_1575282935/build/src/ipc/chromium/src/chrome/common/ipc_channel_win.cc, line 341
1587737668749	Marionette	INFO	Stopped listening on port 39306
[GPU 28816, 
###!!! [Child][MessageChannel::SendAndWait] Error: Channel error: cannot send/recv

1587739020601	mozrunner::runner	INFO	Running command: "D:\\Firefox\\firefox.exe" "-marionette" "-foreground" "-no-remote" "-profile" "C:\\Users\\ADMINI~1\\AppData\\Local\\Temp\\rust_mozprofileYlVuuy"
console.error: JsonSchemaValidator.jsm: 
  Array expected but not received
console.error: Enterprise Policies: 
  Invalid parameters specified for Certificates.
1587739022025	addons.webextension.screenshots@mozilla.org	WARN	Loading extension 'screenshots@mozilla.org': Reading manifest: Invalid extension permission: mozillaAddons
1587739022025	addons.webextension.screenshots@mozilla.org	WARN	Loading extension 'screenshots@mozilla.org': Reading manifest: Invalid extension permission: telemetry
1587739022025	addons.webextension.screenshots@mozilla.org	WARN	Loading extension 'screenshots@mozilla.org': Reading manifest: Invalid extension permission: resource://pdf.js/
1587739022025	addons.webextension.screenshots@mozilla.org	WARN	Loading extension 'screenshots@mozilla.org': Reading manifest: Invalid extension permission: about:reader*
JavaScript error: resource://gre/modules/XULStore.jsm, line 66: Error: Can't find profile directory.
1587739025677	Marionette	INFO	Listening on port 41570
1587739025890	Marionette	WARN	TLS certificate errors will be ignored for this session
JavaScript warning: https://117.40.240.216/com/jquery.js, line 2: Using //@ to indicate sourceMappingURL pragmas is deprecated. Use //# instead
JavaScript warning: https://117.40.240.217/com/jquery.js, line 2: Using //@ to indicate sourceMappingURL pragmas is deprecated. Use //# instead
JavaScript error: https://117.40.240.217/com/js/common.min.js, line 1: NS_ERROR_NOT_INITIALIZED: 
JavaScript error: https://117.40.240.217/com/js/common.min.js, line 1: NS_ERROR_NOT_INITIALIZED: 
JavaScript error: https://117.40.240.217/com/js/common.min.js, line 1: NS_ERROR_NOT_INITIALIZED: 
JavaScript error: https://117.40.240.217/com/js/common.min.js, line 1: N[SP_aERROrR_NOeT_INITIALIZED: 
nt 41184, Gecko_IOThread] WARNING: pipe error: 109: file z:/task_1575282935/build/src/ipc/chromium/src/chrome/common/ipc_channel_win.cc, line 341
JavaScript error: https://117.40.240.217/com/js/common.min.js, line 1: NS_ERROR_NOT_INITIALIZED: 
[Parent 41184, Gecko_IOThread] WARNING: pipe error: 1J0avaScript error: https://117.40.240.217/com/js/co9m:m filoe z:/task_1575282935/build/src/ipc/chnromium/.src/mchrome/common/ipc_channel_win.cc, line 341
in.js, line 1: NS_ERROR_NOT_INITIALIZED: 
JavaScript error: https://117.40.240.217/com/js/common.min.js, line 1: NS_ERROR_NOT_INITIALIZED: 
JavaScript error: https://117.40.240.217/com/js/common.min.js, line 1: NS_ERROR_NOT_INITIALIZED: 
[Child 43252, Chrome_ChildThread] WARNING: pipe error: 109: file z:/task_1575282935/build/src/ipc/chromium/src/chrome/common/ipc_channel_win.cc, line 341
[Child 43252, Chrome_[Child 43568, Chrome_ChildThread] WARNING: pipe error: 109: file z:/task_1575282935/build/src/ipc/chromium/src/chrome/common/ipc_channel_win.cc, line 341
[Child 43568, Chrome_ChildThread] WARNING: pipe error: 232: file z:/task_1575282935/build/src/ipc/chromium/src/chrome/common/ipc_channel_win.cc, line 502
[Child 43568, Chrome_ChildThread] WARNING: pipe error: 232: file z:/task_1575282935/build/src/ipc/chromium/src/chrome/common/ipc_channel_win.cc, line 502
[Child 43568, Chrome_ChildThread] WARNING: pipe error: 109: file z:/task_1575282935/build/src/ipc/chromium/src/chrome/common/ipc_channel_win.cc, line 341

###!!! [Child][RunMessage] Error: Channel closing: too late to send/recv, messages will be lost


###!!! [Child][RunMessage] Error: Channel closing: too late to send/recv, messages will be lost

1587739213937	Marionette	INFO	Stopped listening on port 41570

###!!! [Child][RunMessage] Error: Channel closing: too late to send/recv, messages will be lost

[GPU
###!!! [Child][MessageChannel::SendAndWait] Error: Channel error: cannot send/recv

1587780293214	mozrunner::runner	INFO	Running command: "D:\\Firefox\\firefox.exe" "-marionette" "-foreground" "-no-remote" "-profile" "C:\\Users\\ADMINI~1\\AppData\\Local\\Temp\\rust_mozprofileOXmfnk"
console.error: JsonSchemaValidator.jsm: 
  Array expected but not received
console.error: Enterprise Policies: 
  Invalid parameters specified for Certificates.
1587780297236	addons.webextension.screenshots@mozilla.org	WARN	Loading extension 'screenshots@mozilla.org': Reading manifest: Invalid extension permission: mozillaAddons
1587780297236	addons.webextension.screenshots@mozilla.org	WARN	Loading extension 'screenshots@mozilla.org': Reading manifest: Invalid extension permission: telemetry
1587780297237	addons.webextension.screenshots@mozilla.org	WARN	Loading extension 'screenshots@mozilla.org': Reading manifest: Invalid extension permission: resource://pdf.js/
1587780297237	addons.webextension.screenshots@mozilla.org	WARN	Loading extension 'screenshots@mozilla.org': Reading manifest: Invalid extension permission: about:reader*
JavaScript error: resource://gre/modules/XULStore.jsm, line 66: Error: Can't find profile directory.
1587780303331	Marionette	INFO	Listening on port 44662
1587780303699	Marionette	WARN	TLS certificate errors will be ignored for this session
[Parent 13980, Gecko_IOThread] WARNING: pipe error: 109: file z:/task_1575282935/build/src/ipc/chromium/src/chrome/common/ipc_channel_win.cc, line 341
[Parent 13980, Gecko_IOThread] WARNING: pipe error: 109: file z:/task_1575282935/build/src/ipc/chromium/src/chrome/common/ipc_channel_win.cc, line 341
[Child 12008, Chrome_ChildThread] WARNING: pipe error: 109: file z:/task_1575282935/build/src/ipc/chromium/src/chrome/common/ipc_channel_win.cc, line 341
[Child 12008[Child 2876, Chrome_ChildThread] WARNING: pipe error: 109: file z:/task_1575282935/build/src/ipc/chromium/src/chrome/common/ipc_channel_win.cc, line 341
[Child 2876, Chro[Parent 13980, Gecko_IOThread] WARNING: pipe error: 109: file z:/task_1575282935/build/src/ipc/chromium/src/chrome/common/ipc_channel_win.cc, line 341
1587781293538	Marionette	INFO	Stopped listening on port 44662
[GPU 7336, Chr
###!!! [Child][MessageChannel::SendAndWait] Error: Channel error: cannot send/recv

1587781710981	mozrunner::runner	INFO	Running command: "D:\\Firefox\\firefox.exe" "-marionette" "-foreground" "-no-remote" "-profile" "C:\\Users\\ADMINI~1\\AppData\\Local\\Temp\\rust_mozprofiletRe1qs"
console.error: JsonSchemaValidator.jsm: 
  Array expected but not received
console.error: Enterprise Policies: 
  Invalid parameters specified for Certificates.
1587781712117	addons.webextension.screenshots@mozilla.org	WARN	Loading extension 'screenshots@mozilla.org': Reading manifest: Invalid extension permission: mozillaAddons
1587781712117	addons.webextension.screenshots@mozilla.org	WARN	Loading extension 'screenshots@mozilla.org': Reading manifest: Invalid extension permission: telemetry
1587781712118	addons.webextension.screenshots@mozilla.org	WARN	Loading extension 'screenshots@mozilla.org': Reading manifest: Invalid extension permission: resource://pdf.js/
1587781712118	addons.webextension.screenshots@mozilla.org	WARN	Loading extension 'screenshots@mozilla.org': Reading manifest: Invalid extension permission: about:reader*
JavaScript error: resource://gre/modules/XULStore.jsm, line 66: Error: Can't find profile directory.
1587781716019	Marionette	INFO	Listening on port 46510
1587781716210	Marionette	WARN	TLS certificate errors will be ignored for this session
[Parent 31628, Gecko_IOThread] WARNING: pipe error: 109: file z:/task_1575282935/build/src/ipc/chromium/src/chrome/common/ipc_channel_win.cc, line 341
[Child 31256, Chrome_ChildThread] WARNING: pipe error: 109: file z:/task_1575282935/build/src/ipc/chromium/src/chrome/common/ipc_channel_win.cc, line 341
[Child 31256, Chrome_ChildThread] WARNING: pipe error: 109: file z:/task_1575282935/build/src/ipc/chromium/src/chrome/common/ipc_channel_win.cc, line 341
[Child 30804, Chrome_ChildThread] WARNING: pipe error: 109: file z:/task_1575282935/build/src/ipc/chromium/src/chrome/common/ipc_channel_win.cc, line 341
[Child 30804, Chrome_C[Parent 31628, Gecko_IOThread] WARNING: pipe error: 109: file z:/task_1575282935/build/src/ipc/chromium/src/chrome/common/ipc_channel_win.cc, line 341
[Child 28140, Chrome_ChildThread] WARNING: pipe error: 109: file z:/task_1575282935/build/src/ipc/chromium/src/chrome/common/ipc_channel_win.cc, line 341
[Child 28141587782702552	Marionette	INFO	Stopped listening on port 46510
[GPU 31304, Chrome_ChildThread] WARNIN
###!!! [Child][RunMessage] Error: Channel closing: too late to send/recv, messages will be lost

G: pipe
###!!! [Child][MessageChannel::SendAndWait] Error: Channel error: cannot send/recv

1587783256613	mozrunner::runner	INFO	Running command: "D:\\Firefox\\firefox.exe" "-marionette" "-foreground" "-no-remote" "-profile" "C:\\Users\\ADMINI~1\\AppData\\Local\\Temp\\rust_mozprofile9Ov2cx"
console.error: JsonSchemaValidator.jsm: 
  Array expected but not received
console.error: Enterprise Policies: 
  Invalid parameters specified for Certificates.
1587783257779	addons.webextension.screenshots@mozilla.org	WARN	Loading extension 'screenshots@mozilla.org': Reading manifest: Invalid extension permission: mozillaAddons
1587783257779	addons.webextension.screenshots@mozilla.org	WARN	Loading extension 'screenshots@mozilla.org': Reading manifest: Invalid extension permission: telemetry
1587783257779	addons.webextension.screenshots@mozilla.org	WARN	Loading extension 'screenshots@mozilla.org': Reading manifest: Invalid extension permission: resource://pdf.js/
1587783257779	addons.webextension.screenshots@mozilla.org	WARN	Loading extension 'screenshots@mozilla.org': Reading manifest: Invalid extension permission: about:reader*
JavaScript error: resource://gre/modules/XULStore.jsm, line 66: Error: Can't find profile directory.
1587783261523	Marionette	INFO	Listening on port 49512
1587783261846	Marionette	WARN	TLS certificate errors will be ignored for this session
JavaScript error: https://115.168.45.142/portal/forgetPassword.action?step=step01, line 23: ReferenceError: $ is not defined
JavaScript error: https://115.168.45.142/portal/forgetPassword.action?step=step03, line 19: ReferenceError: $ is not defined
JavaScript error: https://115.168.45.142/portal/forgetPassword.action?step=step02, line 23: ReferenceError: $ is not defined
JavaScript error: https://115.168.45.142/portal/forgetPassword.action?step=step01, line 23: ReferenceError: $ is not defined
JavaScript error: https://115.168.45.142/portal/forgetPassword.action?step=step01, line 23: ReferenceError: $ is not defined
[Parent 36192, Gecko_IOThread] WARNING: pipe error: 109: file z:/task_1575282935/build/src/ipc/chromium/src/chrome/common/ipc_channel_win.cc, line 341
[Child 13884, Chrome_ChildThread] WARNING: pipe error: 109: file z:/task_1575282935/build/src/ipc/chromium/src/chrome/common/ipc_channel_win.cc, line 341
[Child 13884, Chrome_ChildThread] WARNING: pipe error: 109: file z:/task_1575282935/build/src/ipc/chromium/src/chrome/common/ipc_channel_win.cc, line 341
[Child 17972, Chrome_ChildThread] WARNING: pipe error: 109: file z:/task_1575282935/build/src/ipc/chromium/src/chrome/common/ipc_channel_win.cc, line 341
[Child 17972, Chrome_ChildThread] WARNING: pipe Handler function threw an exception: TypeError: timings.REQUEST_HEADER is undefined
Stack: _setupHarTimings@resource://devtools/server/actors/network-monitor/network-observer.js:1078:1
_onTransactionClose@resource://devtools/server/actors/network-monitor/network-observer.js:1005:25
_dispatchActivity@resource://devtools/server/actors/network-monitor/network-observer.js:529:14
NetworkObserver.prototype.observeActivity<@resource://devtools/server/actors/network-monitor/network-observer.js:607:12
exports.makeInfallible/<@resource://devtools/shared/ThreadSafeDevToolsUtils.js:111:22
Line: 1078, column: 1
console.error: (new TypeError("timings.REQUEST_HEADER is undefined", "resource://devtools/server/actors/network-monitor/network-observer.js", 1078))
[Parent 36192, Gecko_IOThread] WARNING: pipe error: 109: file z:/task_1575282935/build/src/ipc/chromium/src/chrome/common/ipc_channel_win.cc, line 341
[Child 14396, Chrome_ChildThread] WARNING: pipe error: 109: file z:/task_1575282935/build/src/ipc/chromium/src/chrome/common/ipc_channel_win.cc, line 341
[Child 14396, Chrome_Child[Child 2020, Chrome_ChildThread] WARNING: pipe error: 109: file z:/task_1575282935/build/src/ipc/chromium/src/chrome/common/ipc_channel_win.cc, line 341
[Child 2020, Chrome_ChildThread] WARNING: pipe error: 109: file z:/task_1575282935/build/src/ipc/ch[Parent 36192, Gecko_IOThread] WARNING: pipe error: 109: file z:/task_1575282935/build/src/ipc/chromium/src/chrome/common/ipc_channel_win.cc, line 341
[Child 42872, Chrome_ChildThread] WARNING: pipe error: 109: file z:/task_1575282935/build/src/ipc/chromium/src/chrome/common/ipc_channel_win.cc, line 341
[Child 42872, 1587786203736	Marionette	INFO	Stopped listening on port 49512

###!!! [Child][RunMessage] Error: Channel closing: too late to send/recv, messages will be lost

[GP
###!!! [Child][MessageChannel::SendAndWait] Error: Channel error: cannot send/recv

1587786974213	mozrunner::runner	INFO	Running command: "D:\\Firefox\\firefox.exe" "-marionette" "-foreground" "-no-remote" "-profile" "C:\\Users\\ADMINI~1\\AppData\\Local\\Temp\\rust_mozprofilenZXwJO"
console.error: JsonSchemaValidator.jsm: 
  Array expected but not received
console.error: Enterprise Policies: 
  Invalid parameters specified for Certificates.
1587786975473	addons.webextension.screenshots@mozilla.org	WARN	Loading extension 'screenshots@mozilla.org': Reading manifest: Invalid extension permission: mozillaAddons
1587786975473	addons.webextension.screenshots@mozilla.org	WARN	Loading extension 'screenshots@mozilla.org': Reading manifest: Invalid extension permission: telemetry
1587786975474	addons.webextension.screenshots@mozilla.org	WARN	Loading extension 'screenshots@mozilla.org': Reading manifest: Invalid extension permission: resource://pdf.js/
1587786975474	addons.webextension.screenshots@mozilla.org	WARN	Loading extension 'screenshots@mozilla.org': Reading manifest: Invalid extension permission: about:reader*
JavaScript error: resource://gre/modules/XULStore.jsm, line 66: Error: Can't find profile directory.
1587786979789	Marionette	INFO	Listening on port 6193
1587786979950	Marionette	WARN	TLS certificate errors will be ignored for this session
[Parent 31980, Gecko_IOThread] WARNING: pipe error: 109: file z:/task_1575282935/build/src/ipc/chromium/src/chrome/common/ipc_channel_win.cc, line 341
[Child 19048, Chrome_ChildThread] WARNING: pipe error: 109: file z:/task_1575282935/build/src/ipc/chromium/src/chrome/common/ipc_channel_win.cc, line 341
[Child 19048, Chrome_ChildThread] WARNING: pipe error: 109: file z:/task_1575282935/build/src/ipc/chromium/src/chrome/common/ipc_channel_win.cc, line 341
[Parent 31980, Gecko_IOThread] WARNING: pipe error: 109: file z:/task_1575282935/build/src/ipc/chromium/src/chrome/common/ipc_channel_win.cc, line 341
1587787027469	Marionette	INFO	Stopped listening on port 6193

###!!! [Child][RunMessage] Error: Channel closing: too late to send/recv, messages will be lost

[GPU 1336, Chrome_
###!!! [Child][MessageChannel::SendAndWait] Error: Channel error: cannot send/recv

1587788861584	mozrunner::runner	INFO	Running command: "D:\\Firefox\\firefox.exe" "-marionette" "-foreground" "-no-remote" "-profile" "C:\\Users\\ADMINI~1\\AppData\\Local\\Temp\\rust_mozprofileGgajDf"
console.error: JsonSchemaValidator.jsm: 
  Array expected but not received
console.error: Enterprise Policies: 
  Invalid parameters specified for Certificates.
1587788862839	addons.webextension.screenshots@mozilla.org	WARN	Loading extension 'screenshots@mozilla.org': Reading manifest: Invalid extension permission: mozillaAddons
1587788862839	addons.webextension.screenshots@mozilla.org	WARN	Loading extension 'screenshots@mozilla.org': Reading manifest: Invalid extension permission: telemetry
1587788862839	addons.webextension.screenshots@mozilla.org	WARN	Loading extension 'screenshots@mozilla.org': Reading manifest: Invalid extension permission: resource://pdf.js/
1587788862839	addons.webextension.screenshots@mozilla.org	WARN	Loading extension 'screenshots@mozilla.org': Reading manifest: Invalid extension permission: about:reader*
JavaScript error: resource://gre/modules/XULStore.jsm, line 66: Error: Can't find profile directory.
1587788866283	Marionette	INFO	Listening on port 9073
1587788866319	Marionette	WARN	TLS certificate errors will be ignored for this session
JavaScript warning: http://www.richtalk.cn/richclient/richtalk.js?req=0.25, line 1: unreachable code after return statement
JavaScript error: http://59.53.74.26/, line 10: ReferenceError: richclient is not defined
JavaScript error: resource://gre/modules/LoginManagerContent.jsm, line 179: NS_ERROR_FAILURE: Component returned failure code: 0x80004005 (NS_ERROR_FAILURE) [nsIAutoCompleteController.getStyleAt]
JavaScript warning: https://jxykt.jxt189.com/Login.aspx?ReturnUrl=%2f, line 1: unreachable code after return statement
JavaScript warning: https://jxykt.jxt189.com/Login.aspx?ReturnUrl=%2f, line 1: unreachable code after return statement
JavaScript warning: http://www.richtalk.cn/richclient/richtalk.js?req=0.25, line 1: unreachable code after return statement
JavaScript warning: http://www.richtalk.cn/richclient/richtalk.js?req=0.25, line 1: unreachable code after return statement
JavaScript warning: http://www.richtalk.cn/richclient/richtalk.js?req=0.25, line 1: unreachable code after return statement
JavaScript error: http://59.53.74.26/l, line 10: ReferenceError: richclient is not defined
[Parent 8500, Gecko_IOThread] WARNING: pipe error: 109: file z:/task_1575282935/build/src/ipc/chromium/src/chrome/common/ipc_channel_win.cc, line 341
[Child 23136, Chrome_ChildThread] WARNING: pipe error: 109: file z:/task_1575282935/build/src/ipc/chromium/src/chrome/common/ipc_channel_win.cc, line 341
[Child 23136, Chrome_ChiJavaScript error: http://59.53.74.26/%E3%80%82, line 10: ReferenceError: richclient is not defined
JavaScript error: http://59.53.74.26/, line 10: ReferenceError: richclient is not defined
JavaScript error: http://59.53.74.26/kl, line 10: ReferenceError: richclient is not defined
[Parent 8500, Gecko_IOThread] WARNING: pipe error: 109: file z:/task_1575282935/build/src/ipc/chromium/src/chrome/common/ipc_channel_win.cc, line 341
[Child 11912, Chrome_ChildThread] WARNING: pipe error: 109: file z:/task_1575282935/build/src/ipc/chromium/src/chrome/common/ipc_channel_win.cc, line 341
[Child 11912, Chrome_ChildThread[Parent 8500, Gecko_IOThread] WARNING: pipe error: 109: file z:/task_1575282935/build/src/ipc/chromium/src/chrome/common/ipc_channel_win.cc, line 341
[Parent 8500, Gecko_IOThread] WARNING: pipe error: 109: file z:/task_1575282935/build/src/ipc/chromium/src/chrome/common/ipc_channel_win.cc, line 341
[Child 23664, Chrome_ChildThread] WARNING: pipe error: 109: file z:/task_1575282935/build/src/ipc/chromium/src/chrome/common/ipc_channel_win.cc, line 341
[Child 23664, Chrome_ChildThread] W[Parent 8500, Gecko_IOThread] WARNING: pipe error: 109: file z:/task_1575282935/build/src/ipc/chromium/src/chrome/common/ipc_channel_win.cc, line 341
[Child 27852, Chrome_ChildThread] WARNING: pipe error: 109: file z:/task_1575282935/build/src/ipc/chromium/src/chrome/common/ipc_channel_win.cc, line 341
[Child 27852, Chrome_ChildThread] WARNING: pipe error: 109: f1587792575430	Marionette	INFO	Stopped listening on port 9073

###!!! [Child][RunMessage] Error: Channel closing: too late to send/recv, messages will be lost

[GPU 4308, Chrome_ChildThread] WARNING: p
###!!! [Child][MessageChannel::SendAndWait] Error: Channel error: cannot send/recv

1587793690971	mozrunner::runner	INFO	Running command: "D:\\Firefox\\firefox.exe" "-marionette" "-foreground" "-no-remote" "-profile" "C:\\Users\\ADMINI~1\\AppData\\Local\\Temp\\rust_mozprofileh9ktA1"
console.error: JsonSchemaValidator.jsm: 
  Array expected but not received
console.error: Enterprise Policies: 
  Invalid parameters specified for Certificates.
1587793692324	addons.webextension.screenshots@mozilla.org	WARN	Loading extension 'screenshots@mozilla.org': Reading manifest: Invalid extension permission: mozillaAddons
1587793692324	addons.webextension.screenshots@mozilla.org	WARN	Loading extension 'screenshots@mozilla.org': Reading manifest: Invalid extension permission: telemetry
1587793692324	addons.webextension.screenshots@mozilla.org	WARN	Loading extension 'screenshots@mozilla.org': Reading manifest: Invalid extension permission: resource://pdf.js/
1587793692324	addons.webextension.screenshots@mozilla.org	WARN	Loading extension 'screenshots@mozilla.org': Reading manifest: Invalid extension permission: about:reader*
JavaScript error: resource://gre/modules/XULStore.jsm, line 66: Error: Can't find profile directory.
1587793696076	Marionette	INFO	Listening on port 26856
1587793696197	Marionette	WARN	TLS certificate errors will be ignored for this session
JavaScript error: resource://activity-stream/lib/DownloadsManager.jsm, line 48: TypeError: download.source.referrerInfo.originalReferrer is null
[Parent 31760, Gecko_IOThread] WARNING: pipe error: 109: file z:/task_1575282935/build/src/ipc/chromium/src/chrome/common/ipc_channel_win.cc, line 341
[Parent 31760, Gecko_IOThread] WARNING: pipe error: 109: file z:/task_1575282935/build/src/ipc/chromium/src/chrome/common/ipc_channel_win.cc, line 341
[Child 44460, Chrome_ChildThread] WARNING: pipe error: 109: file z:/task_1575282935/build/src/ipc/chromium/src[C/hcihlrdo m2e9/7c8o8m,m oCnh/ipc_channel_win.cc, line 341
rome_ChildThread] WARNING: pipe error: 109: file z:/task_1575282935/build/src/ipc/chromium/src/chrome/common/ipc_channel_win.cc, line 341
[Child 2971587797402982	Marionette	INFO	Stopped listening on port 26856
[GPU
###!!! [Child][MessageChannel::SendAndWait] Error: Channel error: cannot send/recv

mozilla.org	WARN	Loading extension 'screenshots@mozilla.org': Reading manifest: Invalid extension permission: about:reader*
JavaScript error: resource://gre/modules/XULStore.jsm, line 66: Error: Can't find profile directory.
1587795666272	Marionette	INFO	Listening on port 59528
1587795666647	Marionette	WARN	TLS certificate errors will be ignored for this session
[Parent 21820, Gecko_IOThread] WARNING: pipe error: 109: file z:/task_1575282935/build/src/ipc/chromium/src/chrome/common/ipc_channel_win.cc, line 341
[Child 42468, Chrome_ChildThread] WARNING: pipe error: 109: file z:/task_1575282935/build/src/ipc/chromium/src/chrome/common/ipc_channel_win.cc, line 341
[Child 42468, Chrome_ChildThread] WARNING: pipe error: 109: file z:/task_1575282935/build/src/ipc/chromium/src/chrome/common/ipc_channel_win.cc, line 341
[Parent 21820, Gecko_IOThread] WARNING: pipe error: 109: file z:/task_1575282935/build/src/ipc/chromium/src/chrome/common/ipc_channel_win.cc, line 341
[Child 37708, Chrome_ChildThread] WARNING: pipe error: 109: file z:/task_1575282935/build/src/ipc/chromium/src/chrome/common/ipc_channel_win.cc, line 341
[Child 371587796702399	Marionette	INFO	Stopped listening on port 59528
[GPU 29960, Chrome_ChildThread] WARNING: pipe error:
###!!! [Child][RunMessage] Error: Channel closing: too late to send/recv, messages will be lost

 109: file z:/task_1575282935/build/src/ipc/chromium/src/chrome/common/ipc_channel_win.
###!!! [Child][MessageChannel::SendAndWait] Error: Channel error: cannot send/recv

1587813555677	mozrunner::runner	INFO	Running command: "D:\\Firefox\\firefox.exe" "-marionette" "-foreground" "-no-remote" "-profile" "C:\\Users\\ADMINI~1\\AppData\\Local\\Temp\\rust_mozprofileIacsIg"
console.error: JsonSchemaValidator.jsm: 
  Array expected but not received
console.error: Enterprise Policies: 
  Invalid parameters specified for Certificates.
1587813556870	addons.webextension.screenshots@mozilla.org	WARN	Loading extension 'screenshots@mozilla.org': Reading manifest: Invalid extension permission: mozillaAddons
1587813556870	addons.webextension.screenshots@mozilla.org	WARN	Loading extension 'screenshots@mozilla.org': Reading manifest: Invalid extension permission: telemetry
1587813556870	addons.webextension.screenshots@mozilla.org	WARN	Loading extension 'screenshots@mozilla.org': Reading manifest: Invalid extension permission: resource://pdf.js/
1587813556870	addons.webextension.screenshots@mozilla.org	WARN	Loading extension 'screenshots@mozilla.org': Reading manifest: Invalid extension permission: about:reader*
JavaScript error: resource://gre/modules/XULStore.jsm, line 66: Error: Can't find profile directory.
1587813561272	Marionette	INFO	Listening on port 17452
1587813561402	Marionette	WARN	TLS certificate errors will be ignored for this session
[Parent 44144, Gecko_IOThread] WARNING: pipe error: 109: file z:/task_1575282935/build/src/ipc/chromium/src/chrome/common/ipc_channel_win.cc, line 341
[Child 28796, Chrome_ChildThread] WARNING: pipe error: 109: file z:/task_1575282935/build/src/ipc/chromium/src/chrome/common/ipc_channel_win.cc, line 341
[Child 11972, Chrome_ChildThread] WARNING: pipe error: 109: file z:/task_1575282935/build/src/ipc/chromium/src/chrome/common/ipc_channel_win.cc, line 341
[Parent 44144, Gecko_IOThread] WARNING: pipe error: 109: file z:/task_1575282935/build/src/ipc/chromium/src/chrome/common/ipc_channel_win.cc, line 341
[Child 38364, Chrome_ChildThread] WARNING: pipe error: 109: file z:/task_1575282935/build/src/ipc/chromium/src/chrome/common/ipc_channel_win.cc, line 341
[Child 38364, Chrome_ChildThread] WARNING: pipe error: 109: file z:/task_1575282935/build/src/ipc/chromium/src/chrome/co1587813605176	Marionette	INFO	Stopped listening on port 17452
[GPU 1
###!!! [Child][RunMessage] Error: Channel closing: too late to send/recv, messages will be lost

0024
###!!! [Child][MessageChannel::SendAndWait] Error: Channel error: cannot send/recv

1587815084442	mozrunner::runner	INFO	Running command: "D:\\Firefox\\firefox.exe" "-marionette" "-foreground" "-no-remote" "-profile" "C:\\Users\\ADMINI~1\\AppData\\Local\\Temp\\rust_mozprofilendP3z7"
console.error: JsonSchemaValidator.jsm: 
  Array expected but not received
console.error: Enterprise Policies: 
  Invalid parameters specified for Certificates.
1587815085691	addons.webextension.screenshots@mozilla.org	WARN	Loading extension 'screenshots@mozilla.org': Reading manifest: Invalid extension permission: mozillaAddons
1587815085692	addons.webextension.screenshots@mozilla.org	WARN	Loading extension 'screenshots@mozilla.org': Reading manifest: Invalid extension permission: telemetry
1587815085692	addons.webextension.screenshots@mozilla.org	WARN	Loading extension 'screenshots@mozilla.org': Reading manifest: Invalid extension permission: resource://pdf.js/
1587815085692	addons.webextension.screenshots@mozilla.org	WARN	Loading extension 'screenshots@mozilla.org': Reading manifest: Invalid extension permission: about:reader*
JavaScript error: resource://gre/modules/XULStore.jsm, line 66: Error: Can't find profile directory.
1587815089521	Marionette	INFO	Listening on port 17873
1587815089678	Marionette	WARN	TLS certificate errors will be ignored for this session
JavaScript error: https://www.jiaonengdata.com/data/v1/market_trend/marketWiki.php?jsoncallback=jQuery321004998867330863088_1587815099596&t=1&_=1587815099597, line 1: SyntaxError: unexpected token: identifier
[Parent 39160, Gecko_IOThread] WARNING: pipe error: 109: file z:/task_1575282935/build/src/ipc/chromium/src/chrome/common/ipc_channel_win.cc, line 341
[Child 29368, Chrome_ChildThread] WARNING: pipe error: 109: file z:/task_1575282935/build/src/ipc/chromium/src/chrome/common/ipc_channel_win.cc, line 341
[Child 29368, Chrome_ChildThread] [Parent 39160, Gecko_IOThread] WARNING: pipe error: 109: file z:/task_1575282935/build/src/ipc/chromium/src/chrome/common/ipc_channel_win.cc, line 341
[Child 28860, Chrome_ChildThread] WARNING: pipe error: 109: file z:/task_1575282935/build/src/ipc/chromium/src/chrome/common/ipc_channel_win.cc, line 341
[Child 28860, Chrom[Child 1168, Chrome_ChildThread] WARNING: pipe error: 109: file z:/task_1575282935/build/src/ipc/chromium/src/chrome/common/ipc_channel_win.cc, line 341
[Child 1168, Chrome_ChildThreadJavaScript error: https://www.jiaonengdata.com/data/v1/market_trend/marketWiki.php?jsoncallback=jQuery32106213152880265204_1587815501550&t=1&_=1587815501551, line 1: SyntaxError: unexpected token: identifier
JavaScript error: https://www.jiaonengdata.com/data/v1/market_trend/marketWiki.php?jsoncallback=jQuery321020983792688502412_1587815507723&t=1&_=1587815507724, line 1: SyntaxError: unexpected token: identifier
JavaScript warning: https://www.jiaonengwang.com/resources/views/dist/vendor/jquery/jquery.min.js, line 2: Error: Script terminated by timeout at:
r.fn.extend@https://www.jiaonengwang.com/resources/views/dist/vendor/jquery/jquery.min.js:2:1688
simulate@https://www.jiaonengwang.com/resources/views/dist/vendor/jquery/jquery.min.js:4:5992
c@https://www.jiaonengwang.com/resources/views/dist/vendor/jquery/jquery.min.js:4:6743

[Parent 39160, Gecko_IOThread] WARNING: pipe error: 109: file z:/task_1575282935/build/src/ipc/chromium/src/chrome/common/ipc_channel_win.cc, line 341
[Child 28296, Chrome_ChildThread] WARNING: pipe error: 109: file z:/task_1575282935/build/src/ipc/chromium/src/chrome/common/ipc_channel_win.cc, line 341
[Child 28296, Chrome_ChildTJavaScript warning: resource://devtools-client-shared/vendor/react-dom.js, line 573: Error: Script terminated by timeout at:
extractEvents@resource://devtools-client-shared/vendor/react-dom.js:573:5
runExtractedEventsInBatch@resource://devtools-client-shared/vendor/react-dom.js:605:29
handleTopLevel@resource://devtools-client-shared/vendor/react-dom.js:4272:30
batchedUpdates$1@resource://devtools-client-shared/vendor/react-dom.js:15752:12
batchedUpdates@resource://devtools-client-shared/vendor/react-dom.js:1882:12
dispatchEvent@resource://devtools-client-shared/vendor/react-dom.js:4351:19
interactiveUpdates$1/<@resource://devtools-client-shared/vendor/react-dom.js:15803:14
unstable_runWithPriority@resource://devtools-client-shared/vendor/react.js:617:12
interactiveUpdates$1@resource://devtools-client-shared/vendor/react-dom.js:15802:12
interactiveUpdates@resource://devtools-client-shared/vendor/react-dom.js:1901:10
dispatchInteractiveEvent@resource://devtools-client-shared/vendor/react-dom.js:4328:21

JavaScript warning: resource://devtools-client-shared/vendor/react-dom.js, line 3024: Error: Script terminated by timeout at:
shouldUseChangeEvent@resource://devtools-client-shared/vendor/react-dom.js:3024:1
extractEvents@resource://devtools-client-shared/vendor/react-dom.js:3199:29
extractEvents@resource://devtools-client-shared/vendor/react-dom.js:575:44
runExtractedEventsInBatch@resource://devtools-client-shared/vendor/react-dom.js:605:29
handleTopLevel@resource://devtools-client-shared/vendor/react-dom.js:4272:30
batchedUpdates$1@resource://devtools-client-shared/vendor/react-dom.js:15752:12
batchedUpdates@resource://devtools-client-shared/vendor/react-dom.js:1882:12
dispatchEvent@resource://devtools-client-shared/vendor/react-dom.js:4351:19
interactiveUpdates$1/<@resource://devtools-client-shared/vendor/react-dom.js:15803:14
unstable_runWithPriority@resource://devtools-client-shared/vendor/react.js:617:12
interactiveUpdates$1@resource://devtools-client-shared/vendor/react-dom.js:15802:12
interactiveUpdates@resource://devtools-client-shared/vendor/react-dom.js:1901:10
dispatchInteractiveEvent@resource://devtools-client-shared/vendor/react-dom.js:4328:21

JavaScript warning: resource://devtools-client-shared/vendor/react-dom.js, line 1495: Error: Script terminated by timeout at:
getCompositionEventType@resource://devtools-client-shared/vendor/react-dom.js:1495:1
extractCompositionEvent@resource://devtools-client-shared/vendor/react-dom.js:1577:17
extractEvents@resource://devtools-client-shared/vendor/react-dom.js:1786:46
extractEvents@resource://devtools-client-shared/vendor/react-dom.js:575:44
runExtractedEventsInBatch@resource://devtools-client-shared/vendor/react-dom.js:605:29
handleTopLevel@resource://devtools-client-shared/vendor/react-dom.js:4272:30
batchedUpdates$1@resource://devtools-client-shared/vendor/react-dom.js:15752:12
batchedUpdates@resource://devtools-client-shared/vendor/react-dom.js:1882:12
dispatchEvent@resource://devtools-client-shared/vendor/react-dom.js:4351:19
interactiveUpdates$1/<@resource://devtools-client-shared/vendor/react-dom.js:15803:14
unstable_runWithPriority@resource://devtools-client-shared/vendor/react.js:617:12
interactiveUpdates$1@resource://devtools-client-shared/vendor/react-dom.js:15802:12
interactiveUpdates@resource://devtools-client-shared/vendor/react-dom.js:1901:10
dispatchInteractiveEvent@resource://devtools-client-shared/vendor/react-dom.js:4328:21

[Parent 39160, Gecko_IOThread] WARNING: pipe error: 109: file z:/task_1575282935/build/src/ipc/chromium/src/chrome/common/ipc_channel_win.cc, line 341
[Child 29688, Chrome_ChildThread] WARNING: pipe error: 109: file z:/task_1575282935/build/src/ipc/chromium/src/chrome/common/ipc_channel_win.cc, line 341
[Child 29688, ChromeJavaScript warning: resource://devtools-client-shared/vendor/react-dom.js, line 4424: Error: Script terminated by timeout at:
getListeningForDocument@resource://devtools-client-shared/vendor/react-dom.js:4424:40
isListeningToAllDependencies@resource://devtools-client-shared/vendor/react-dom.js:4499:44
extractEvents@resource://devtools-client-shared/vendor/react-dom.js:5031:18
extractEvents@resource://devtools-client-shared/vendor/react-dom.js:575:44
runExtractedEventsInBatch@resource://devtools-client-shared/vendor/react-dom.js:605:29
handleTopLevel@resource://devtools-client-shared/vendor/react-dom.js:4272:30
batchedUpdates$1@resource://devtools-client-shared/vendor/react-dom.js:15752:12
batchedUpdates@resource://devtools-client-shared/vendor/react-dom.js:1882:12
dispatchEvent@resource://devtools-client-shared/vendor/react-dom.js:4351:19
interactiveUpdates$1/<@resource://devtools-client-shared/vendor/react-dom.js:15803:14
unstable_runWithPriority@resource://devtools-client-shared/vendor/react.js:617:12
interactiveUpdates$1@resource://devtools-client-shared/vendor/react-dom.js:15802:12
interactiveUpdates@resource://devtools-client-shared/vendor/react-dom.js:1901:10
dispatchInteractiveEvent@resource://devtools-client-shared/vendor/react-dom.js:4328:21

JavaScript error: resource://gre/modules/XULStore.jsm, line 66: Error: Can't find profile directory.
JavaScript error: resource://gre/modules/XULStore.jsm, line 66: Error: Can't find profile directory.
JavaScript error: resource://gre/modules/XULStore.jsm, line 66: Error: Can't find profile directory.
[Parent 39160, Gecko_IOThread] WARNING: pipe error: 109: file z:/task_1575282935/build/src/ipc/chromium/src/chrome/common/ipc_channel_win.cc, line 341
[Child 16732, Chrome_ChildThread] WARNING: pipe error: 109: file z:/task_1575282935/build/src/ipc/chromium/src/chrome/common/ipc_channel_win.cc, line 341
[Child 16732, Chrome_ChildThread] WARNING: pipe error: 109: file z:/task_1575282935/build/src/ipc/chromium/src/chrome/common/ipc_channel_win.cc, line 341
[Parent 39160, Gecko_IOThread] WARNING: pipe error: 109: file z:/task_1575282935/build/src/ipc/chromium/src/chrome/common/ipc_channel_win.cc, line 341
[Child 34692, Chrome_ChildThread] WARNING: pipe error: 109: file z:/task_1575282935/build/src/ipc/chromium/src/chrome/common/ipc_channel_win.cc, line 341
[Child 34692, Chrome_ChildThread] WARNING: pipe error: 109: file z:/task_1575282935/build/src/ipc/chromium/src/chrome/common/ipc_channel_win.cc, line 341
[Parent 39160, Gecko_IOThread] WARNING: pipe error: 109: file z:/task_1575282935/build/src/ipc/chromium/src/chrome/common/ipc_channel_win.cc, line 341
[Parent 39160, Gecko_IOThread] WARNING: pipe error: 109: file z:/task_1575282935/build/src/ipc/chromium/src/chrome/common/ipc_channel_win.cc, line 341
[Child 34508, Chrome_ChildThread] WARNING: pipe error: 109: file z:/task_1575282935/build/src/ipc/chromium/src/chrome/common/ipc_channel_win.cc, line 341
[Child 34508, Chrome_ChildThread][Parent 39160, Gecko_IOThread] WARNING: pipe error: 109: file z:/task_1575282935/build/src/ipc/chromium/src/chrome/common/ipc_channel_win.cc, line 341
[Child 22276, Chrome_ChildThread] WARNING: pipe error: 109: file z:/task_1575282935/build/src/ipc/chromium/src/chrome/common/ipc_channel_win.cc, line 341
[Child 22276, ChromeJavaScript warning: https://wiki.xforceplus.com/s/0e92622c1c6601ec877049ea79e38a0e-CDN/zh_CN/7801/bf276423ef6163f95ea68a1c8d44a56e873f9543/e234a2873d06f4d4f06b318373d4e961/_/download/contextbatch/js/main,atl.general,login,-_super/batch.js?build-number=7801&hostenabled=true&is-server-instance=true&locale=zh-CN&nps-acknowledged=true, line 1354: unreachable code after return statement
JavaScript warning: https://wiki.xforceplus.com/s/0e92622c1c6601ec877049ea79e38a0e-CDN/zh_CN/7801/bf276423ef6163f95ea68a1c8d44a56e873f9543/e234a2873d06f4d4f06b318373d4e961/_/download/contextbatch/js/main,atl.general,login,-_super/batch.js?build-number=7801&hostenabled=true&is-server-instance=true&locale=zh-CN&nps-acknowledged=true, line 1354: unreachable code after return statement
JavaScript warning: https://wiki.xforceplus.com/s/0e92622c1c6601ec877049ea79e38a0e-CDN/zh_CN/7801/bf276423ef6163f95ea68a1c8d44a56e873f9543/e234a2873d06f4d4f06b318373d4e961/_/download/contextbatch/js/main,atl.general,login,-_super/batch.js?build-number=7801&hostenabled=true&is-server-instance=true&locale=zh-CN&nps-acknowledged=true, line 1354: unreachable code after return statement
JavaScript warning: https://wiki.xforceplus.com/s/0e92622c1c6601ec877049ea79e38a0e-CDN/zh_CN/7801/bf276423ef6163f95ea68a1c8d44a56e873f9543/e234a2873d06f4d4f06b318373d4e961/_/download/contextbatch/js/main,atl.general,login,-_super/batch.js?build-number=7801&hostenabled=true&is-server-instance=true&locale=zh-CN&nps-acknowledged=true, line 1354: unreachable code after return statement
JavaScript warning: https://wiki.xforceplus.com/s/0e92622c1c6601ec877049ea79e38a0e-CDN/zh_CN/7801/bf276423ef6163f95ea68a1c8d44a56e873f9543/802d178dffe1d9555b3546b5198ca045/_/download/contextbatch/js/main,atl.general,-_super/batch.js?build-number=7801&hostenabled=true&is-server-instance=true&locale=zh-CN&nps-acknowledged=true, line 1354: unreachable code after return statement
JavaScript warning: https://sqlaudit.xforceplus.com/static/jquery/jquery.min.js, line 2: Using //@ to indicate sourceMappingURL pragmas is deprecated. Use //# instead
JavaScript warning: https://sqlaudit.xforceplus.com/static/jquery/jquery.min.js, line 4: Error: Script terminated by timeout at:
x.fn.extend@https://sqlaudit.xforceplus.com/static/jquery/jquery.min.js:4:2774
simulate@https://sqlaudit.xforceplus.com/static/jquery/jquery.min.js:5:16566
r@https://sqlaudit.xforceplus.com/static/jquery/jquery.min.js:5:19701

[Parent 39160, Gecko_IOThread] WARNING: pipe error: 109: file z:/task_1575282935/build/src/ipc/chromium/src/chrome/common/ipc_channel_win.cc, line 341
[Child 28084, Chrome_ChildThread] WARNING: pipe error: 109: file z:/task_1575282935/build/src/ipc/chromium/src/chrome/common/ipc_channel_win.cc, line 341
[Child 28084, C[Parent 39160, Gecko_IOThread] WARNING: pipe error: 109: file z:/task_1575282935/build/src/ipc/chromium/src/chrome/common/ipc_channel_win.cc, line 341
[Child 25568, Chro[Child 36296, Chrome_ChildThread] WARNING: pipe error: 109: file z:/task_1575282935/build/src/ipc/chromium/src/chrome/common/ipc_channel_win.cc, line 341
[Child 362me_ChildThread] WARNING: pipe error: 109: file z:/task_1575282935/build/src/ipc/chromium/src/chrome/common/ipc_channel_win.cc, line 341
1587819262930	Marionette	INFO	Stopped listening on port 17873
[GPU 24344, Chrome_ChildThread] WARNING: pipe error: 109: file z:/task_1575282935/build/src/ipc/chro
###!!! [Child][RunMessage] Error: Channel closing: too late to send/recv, messages will be lost


###!!! [Child][MessageChannel::SendAndWait] Error: Channel error: cannot send/recv

ory.
1587818386700	Marionette	INFO	Listening on port 30844
1587818386976	Marionette	WARN	TLS certificate errors will be ignored for this session
JavaScript warning: https://tg.xforceplus.com/web/main.1770bfbba2ce872f369c.js, line 1: Error: Script terminated by timeout at:
FFOo/d</e.prototype.__tryOrUnsub@https://tg.xforceplus.com/web/main.1770bfbba2ce872f369c.js:1:1
FFOo/d</e.prototype.next@https://tg.xforceplus.com/web/main.1770bfbba2ce872f369c.js:1:252849
FFOo/c</e.prototype._next@https://tg.xforceplus.com/web/main.1770bfbba2ce872f369c.js:1:251863
FFOo/c</e.prototype.next@https://tg.xforceplus.com/web/main.1770bfbba2ce872f369c.js:1:251534
K9Ia/d</e.prototype.next@https://tg.xforceplus.com/web/main.1770bfbba2ce872f369c.js:1:320438
CcnG/hc</e.prototype.emit@https://tg.xforceplus.com/web/main.1770bfbba2ce872f369c.js:1:122594
If@https://tg.xforceplus.com/web/main.1770bfbba2ce872f369c.js:1:158820
onInvokeTask@https://tg.xforceplus.com/web/main.1770bfbba2ce872f369c.js:1:157336
0TWp/</</c</e.prototype.invokeTask@https://tg.xforceplus.com/web/polyfills.e6fbd82b34ccb0c8609f.js:1:7709
0TWp/</</i</t.prototype.runTask@https://tg.xforceplus.com/web/polyfills.e6fbd82b34ccb0c8609f.js:1:2970
0TWp/</</l</t.invokeTask@https://tg.xforceplus.com/web/polyfills.e6fbd82b34ccb0c8609f.js:1:8871
m@https://tg.xforceplus.com/web/polyfills.e6fbd82b34ccb0c8609f.js:1:22317
k@https://tg.xforceplus.com/web/polyfills.e6fbd82b34ccb0c8609f.js:1:22548

[Parent 41156, Gecko_IOThread] WARNING: pipe error: 109: file z:/task_1575282935/build/src/ipc/chromium/src/chrome/common/ipc_channel_win.cc, line 341
[Child 14012, Chrome_ChildThread] WARNING: pipe error: 109: file z:/task_1575282935/build/src/ipc/chromium/src/chrome/common/ipc_channel_win.cc, line 341
[Child 38544, Chrome_ChildThread] WARNING: pipe error: 109: file z:/task_1575282935/build/src/ipc/chromium/src/chrome/common/ipc_channel_win.cc, line 341
[Child 38544, Chrome_ChildThread] WARNING: pipe error: 109: file z:/task_1575282935/build/src/ipc/chromium/src/chrome/common/ipc_channel_win.cc, line 341
[Parent 41156, Gecko_IOThread] WARNING: pipe error: 109: file z:/task_1575282935/build/src/ipc/chromium/src/chrome/common/ipc_channel_win.cc, line 341
[Child 42736, Chrome_ChildThread] WARNING: pipe error: 109: file z:/task_1575282935/build/src/ipc/chromium/src/chrome/common/ipc_channel_win.cc, line 341
1587818491211	Marionette	INFO	Stopped listening on port 30844

###!!! [Child][RunMessage] Error: Channel closing: too late to send/recv, messages will be lost

[
###!!! [Child][MessageChannel::SendAndWait] Error: Channel error: cannot send/recv

1587819763262	mozrunner::runner	INFO	Running command: "D:\\Firefox\\firefox.exe" "-marionette" "-foreground" "-no-remote" "-profile" "C:\\Users\\ADMINI~1\\AppData\\Local\\Temp\\rust_mozprofile8AG43u"
console.error: JsonSchemaValidator.jsm: 
  Array expected but not received
console.error: Enterprise Policies: 
  Invalid parameters specified for Certificates.
1587819764469	addons.webextension.screenshots@mozilla.org	WARN	Loading extension 'screenshots@mozilla.org': Reading manifest: Invalid extension permission: mozillaAddons
1587819764469	addons.webextension.screenshots@mozilla.org	WARN	Loading extension 'screenshots@mozilla.org': Reading manifest: Invalid extension permission: telemetry
1587819764469	addons.webextension.screenshots@mozilla.org	WARN	Loading extension 'screenshots@mozilla.org': Reading manifest: Invalid extension permission: resource://pdf.js/
1587819764469	addons.webextension.screenshots@mozilla.org	WARN	Loading extension 'screenshots@mozilla.org': Reading manifest: Invalid extension permission: about:reader*
JavaScript error: resource://gre/modules/XULStore.jsm, line 66: Error: Can't find profile directory.
1587819768106	Marionette	INFO	Listening on port 32548
1587819768504	Marionette	WARN	TLS certificate errors will be ignored for this session
JavaScript error: resource://gre/modules/XULStore.jsm, line 66: Error: Can't find profile directory.
JavaScript warning: https://ec.qiyuesuo.me/js/jquery/jquery_wev8.js, line 4: unreachable code after return statement
[Parent 21744, Gecko_IOThread] WARNING: file z:/task_1575282935/build/src/ipc/chromium/src/chrome/common/ipc_channel_win.cc, line 307
[Parent 21744, Gecko_IOThread] WARNING: file z:/task_1575282935/build/src/ipc/chromium/src/chrome/common/ipc_channel_win.cc, line 307
JavaScript warning: http://nexus.qiyuesuo.me/static/rapture/baseapp-prod.js?_v=3.3.1-01, line 1: unreachable code after return statement
JavaScript warning: https://cdnjs.cloudflare.com/ajax/libs/react-dom/16.3.2/umd/react-dom.production.min.js, line 181: Error: Script terminated by timeout at:
interactiveUpdates@https://cdnjs.cloudflare.com/ajax/libs/react-dom/16.3.2/umd/react-dom.production.min.js:181:94
Cd@https://cdnjs.cloudflare.com/ajax/libs/react-dom/16.3.2/umd/react-dom.production.min.js:40:168

[Parent 21744, Gecko_IOThread] WARNING: file z:/task_1575282935/build/src/ipc/chromium/src/chrome/common/ipc_channel_win.cc, line 307
[Parent 21744, Gecko_IOThread] WARNING: file z:/task_1575282935/build/src/ipc/chromium/src/chrome/common/ipc_channel_win.cc, line 307
[Child 8808, Chrome_ChildThread] WARNING: pipe error: 109: file z:/task_1575282935/build/src/ipc/chromium/src/chrome/common/ipc_channel_win.cc, line 341
[Child 8808, Chrome_ChildThread] WARNING: pipe errJavaScript error: , line 0: uncaught exception: /api/hrm/password/isSettedQuestion?__random__=1587820637474 fetch : error
JavaScript error: , line 0: uncaught exception: /api/hrm/secondarypwd/isOpenSecondaryPwd?__random__=1587820637474 fetch : error
JavaScript error: , line 0: uncaught exception: /api/hrm/password/getPasswordSetting?id=&__random__=1587820637475 fetch : error
JavaScript error: , line 0: uncaught exception: /api/ec/dev/app/checkJoin?__random__=1587820636986 fetch : TypeError: NetworkError when attempting to fetch resource.
JavaScript error: , line 0: uncaught exception: /api/ec/dev/app/checkJoin?__random__=1587820639170 fetch : TypeError: NetworkError when attempting to fetch resource.
JavaScript error: , line 0: uncaught exception: /api/hrm/password/isSettedQuestion?__random__=1587820642863 fetch : error
JavaScript error: , line 0: uncaught exception: /api/hrm/secondarypwd/isOpenSecondaryPwd?__random__=1587820642864 fetch : error
JavaScript error: , line 0: uncaught exception: /api/hrm/password/getPasswordSetting?id=&__random__=1587820642865 fetch : error
JavaScript error: , line 0: uncaught exception: /api/ec/dev/app/checkJoin?__random__=1587820642388 fetch : TypeError: NetworkError when attempting to fetch resource.
JavaScript error: , line 0: uncaught exception: /api/ec/dev/app/checkJoin?__random__=1587820644407 fetch : TypeError: NetworkError when attempting to fetch resource.
JavaScript error: , line 0: uncaught exception: /api/hrm/password/isSettedQuestion?__random__=1587820646552 fetch : error
JavaScript error: , line 0: uncaught exception: /api/hrm/secondarypwd/isOpenSecondaryPwd?__random__=1587820646552 fetch : error
JavaScript error: , line 0: uncaught exception: /api/hrm/password/getPasswordSetting?id=&__random__=1587820646554 fetch : error
JavaScript error: , line 0: uncaught exception: /api/ec/dev/app/checkJoin?__random__=1587820646060 fetch : TypeError: NetworkError when attempting to fetch resource.
JavaScript error: , line 0: uncaught exception: /api/ec/dev/app/checkJoin?__random__=1587820648107 fetch : TypeError: NetworkError when attempting to fetch resource.
JavaScript error: , line 0: uncaught exception: /api/hrm/password/isSettedQuestion?__random__=1587820650853 fetch : error
JavaScript error: , line 0: uncaught exception: /api/hrm/secondarypwd/isOpenSecondaryPwd?__random__=1587820650854 fetch : error
JavaScript error: , line 0: uncaught exception: /api/hrm/password/getPasswordSetting?id=&__random__=1587820650855 fetch : error
JavaScript error: , line 0: uncaught exception: /api/ec/dev/app/checkJoin?__random__=1587820650370 fetch : TypeError: NetworkError when attempting to fetch resource.
JavaScript error: , line 0: uncaught exception: /api/ec/dev/app/checkJoin?__random__=1587820652425 fetch : TypeError: NetworkError when attempting to fetch resource.
JavaScript error: , line 0: uncaught exception: /api/hrm/password/isSettedQuestion?__random__=1587820654690 fetch : error
JavaScript error: , line 0: uncaught exception: /api/hrm/secondarypwd/isOpenSecondaryPwd?__random__=1587820654691 fetch : error
JavaScript error: , line 0: uncaught exception: /api/hrm/password/getPasswordSetting?id=&__random__=1587820654692 fetch : error
JavaScript error: , line 0: uncaught exception: /api/ec/dev/app/checkJoin?__random__=1587820654358 fetch : TypeError: NetworkError when attempting to fetch resource.
JavaScript error: , line 0: uncaught exception: /api/ec/dev/app/checkJoin?__random__=1587820656304 fetch : TypeError: NetworkError when attempting to fetch resource.
JavaScript error: , line 0: uncaught exception: /api/hrm/password/isSettedQuestion?__random__=1587820658951 fetch : error
JavaScript error: , line 0: uncaught exception: /api/hrm/secondarypwd/isOpenSecondaryPwd?__random__=1587820658951 fetch : error
JavaScript error: , line 0: uncaught exception: /api/hrm/password/getPasswordSetting?id=&__random__=1587820658953 fetch : error
JavaScript error: , line 0: uncaught exception: /api/ec/dev/app/checkJoin?__random__=1587820658583 fetch : TypeError: NetworkError when attempting to fetch resource.
JavaScript error: , line 0: uncaught exception: /api/ec/dev/app/checkJoin?__random__=1587820660521 fetch : TypeError: NetworkError when attempting to fetch resource.
JavaScript error: , line 0: uncaught exception: /api/hrm/password/isSettedQuestion?__random__=1587820662681 fetch : error
JavaScript error: , line 0: uncaught exception: /api/hrm/secondarypwd/isOpenSecondaryPwd?__random__=1587820662681 fetch : error
JavaScript error: , line 0: uncaught exception: /api/hrm/password/getPasswordSetting?id=&__random__=1587820662682 fetch : error
JavaScript error: , line 0: uncaught exception: /api/ec/dev/app/checkJoin?__random__=1587820662281 fetch : TypeError: NetworkError when attempting to fetch resource.
JavaScript error: , line 0: uncaught exception: /api/ec/dev/app/checkJoin?__random__=1587820664266 fetch : TypeError: NetworkError when attempting to fetch resource.
JavaScript error: , line 0: uncaught exception: /api/hrm/password/isSettedQuestion?__random__=1587820666651 fetch : error
JavaScript error: , line 0: uncaught exception: /api/hrm/secondarypwd/isOpenSecondaryPwd?__random__=1587820666652 fetch : error
JavaScript error: , line 0: uncaught exception: /api/hrm/password/getPasswordSetting?id=&__random__=1587820666653 fetch : error
JavaScript error: , line 0: uncaught exception: /api/ec/dev/app/checkJoin?__random__=1587820666342 fetch : TypeError: NetworkError when attempting to fetch resource.
[Parent 21744, Gecko_IOThread] WARNING: pipe error: 109: file z:/task_1575282935/build/src/ipc/chromium/src/chrome/common/ipc_channel_win.cc, line 341
[Child 43416, Chrome_ChildThread] WARNING: pipe error: 109: file z:/task_1575282935/build/src/ipc/chromium/src/chrome/common/ipc_channel_win.cc, line 341
[Child 43416, Chrome_ChildThrea[Child 14600, Chrome_ChildThread] WARNING: pipe error: 109: file z:/task_1575282935/build/src/ipc/chromium/src/chrome/common/ipc_channel_win.cc, line 341
[Child 14600, ChromeJavaScript error: https://ec.qiyuesuo.me/spa/hrm/static/index.js?v=1557456139776, line 1: TypeError: n.tokenKey1 is undefined
JavaScript error: https://ec.qiyuesuo.me/spa/hrm/static/index.js?v=1557456139776, line 1: TypeError: n.tokenKey1 is undefined
[Parent 21744, Gecko_IOThread] WARNING: pipe error: 109: file z:/task_1575282935/build/src/ipc/chromium/src/chrome/common/ipc_channel_win.cc, line 341
[Child 29216, Chrome_ChildThread] WARNING: pipe error: 109: file z:/task_1575282935/build/src/ipc/chromium/src/chrome/common/ipc_channel_win.cc, line 341
[Child 29216, Chrome_ChildTJavaScript error: , line 0: uncaught exception: /api/ec/dev/app/checkJoin?__random__=1587820949849 fetch : TypeError: NetworkError when attempting to fetch resource.
[Parent 21744, Gecko_IOThread] WARNING: pipe error: 109: file z:/task_1575282935/build/src/ipc/chromium/src/chrome/common/ipc_channel_win.cc, line 341
[Child 37316, Chrome_ChildThread] WARNING: pipe error: 109: file z:/task_1575282935/build/src/ipc/chromium/src/chrome/common/ipc_channel_win.cc, line 341
[Child 37316, Chrome_ChJavaScript warning: https://ec.qiyuesuo.me/js/jquery/jquery_wev8.js, line 4: unreachable code after return statement
[Parent 21744, Gecko_IOThread] WARNING: pipe error: 109: file z:/task_1575282935/build/src/ipc/chromium/src/chrome/common/ipc_channel_win.cc, line 341
[Child 10864, Chrome_ChildThread] WARNING: pipe error: 109: file z:/task_1575282935/build/src/ipc/chromium/src/chrome/common/ipc_channel_win.cc, line 341
[Child 10864, Chrome_ChilJavaScript error: resource://gre/modules/XULStore.jsm, line 66: Error: Can't find profile directory.
[Parent 21744, Gecko_IOThread] WARNING: pipe error: 109: file z:/task_1575282935/build/src/ipc/chromium/src/chrome/common/ipc_channel_win.cc, line 341
[Child 4732, Chrome_ChildThread] WARNING: pipe error: 109: file z:/task_1575282935/build/src/ipc/chromium/src/chrome/common/ipc_channel_win.cc, line 341
[Child 4732, Chrome_ChiJavaScript error: https://sgoutong.baidu.com/embed/1587466667/asset/embed/pc_nb.js, line 1: NS_ERROR_NOT_INITIALIZED: 
JavaScript warning: resource://devtools-client-shared/vendor/react-dom.js, line 1243: Error: Script terminated by timeout at:
SyntheticEvent@resource://devtools-client-shared/vendor/react-dom.js:1243:20
Class@resource://devtools-client-shared/vendor/react-dom.js:1354:18
Class@resource://devtools-client-shared/vendor/react-dom.js:1354:18
getPooledEvent@resource://devtools-client-shared/vendor/react-dom.js:1373:22
extractEvents@resource://devtools-client-shared/vendor/react-dom.js:4191:34
extractEvents@resource://devtools-client-shared/vendor/react-dom.js:575:44
runExtractedEventsInBatch@resource://devtools-client-shared/vendor/react-dom.js:605:29
handleTopLevel@resource://devtools-client-shared/vendor/react-dom.js:4272:30
batchedUpdates$1@resource://devtools-client-shared/vendor/react-dom.js:15752:12
batchedUpdates@resource://devtools-client-shared/vendor/react-dom.js:1882:12
dispatchEvent@resource://devtools-client-shared/vendor/react-dom.js:4351:19
interactiveUpdates$1/<@resource://devtools-client-shared/vendor/react-dom.js:15803:14
unstable_runWithPriority@resource://devtools-client-shared/vendor/react.js:617:12
interactiveUpdates$1@resource://devtools-client-shared/vendor/react-dom.js:15802:12
interactiveUpdates@resource://devtools-client-shared/vendor/react-dom.js:1901:10
dispatchInteractiveEvent@resource://devtools-client-shared/vendor/react-dom.js:4328:21

JavaScript warning: resource://devtools-client-shared/vendor/react-dom.js, line 573: Error: Script terminated by timeout at:
extractEvents@resource://devtools-client-shared/vendor/react-dom.js:573:5
runExtractedEventsInBatch@resource://devtools-client-shared/vendor/react-dom.js:605:29
handleTopLevel@resource://devtools-client-shared/vendor/react-dom.js:4272:30
batchedUpdates$1@resource://devtools-client-shared/vendor/react-dom.js:15752:12
batchedUpdates@resource://devtools-client-shared/vendor/react-dom.js:1882:12
dispatchEvent@resource://devtools-client-shared/vendor/react-dom.js:4351:19
interactiveUpdates$1/<@resource://devtools-client-shared/vendor/react-dom.js:15803:14
unstable_runWithPriority@resource://devtools-client-shared/vendor/react.js:617:12
interactiveUpdates$1@resource://devtools-client-shared/vendor/react-dom.js:15802:12
interactiveUpdates@resource://devtools-client-shared/vendor/react-dom.js:1901:10
dispatchInteractiveEvent@resource://devtools-client-shared/vendor/react-dom.js:4328:21

JavaScript error: resource://gre/modules/XULStore.jsm, line 66: Error: Can't find profile directory.
JavaScript error: https://sgoutong.baidu.com/embed/1587466667/asset/embed/pc_nb.js, line 1: NS_ERROR_NOT_INITIALIZED: 
[Parent 21744, Gecko_IOThread] WARNING: pipe error: 109: file z:/task_1575282935/build/src/ipc/chromium/src/chrome/common/ipc_channel_win.cc, line 341
[Child 21240, Chrome_ChildThread] WARNING: pipe error: 109: file z:/task_1575282935/build/src/ipc/chromium/src/chrome/common/ipc_channel_win.cc, line 341
[Child 21240, Chrome_ChildThread] WARNING: pipe e[Child 12032[Parent 21744, Gecko_IOThread] WARNING: pipe error: 109: file z:/task_1575282935/build/src/ipc/chromium/src/chrome/common/ipc_channel_win.cc, line 341
, Chrome_ChildThread] WARNING: pipe error: 109: file z:/task_1575282935/build/src/ipc/chromium/src/chrome/common/ipc_channel_win.cc, line 341
[Child 12032, Chrome_ChildThread] WARNING: pipe error: 1091587821356303	Marionette	INFO	Stopped listening on port 32548
[GPU 14036, Chrom
###!!! [Child][RunMessage] Error: Channel closing: too late to send/recv, messages will be lost

e_ChildThread] WARNING: pi
###!!! [Child][MessageChannel::SendAndWait] Error: Channel error: cannot send/recv

1587896499769	mozrunner::runner	INFO	Running command: "D:\\Firefox\\firefox.exe" "-marionette" "-foreground" "-no-remote" "-profile" "C:\\Users\\ADMINI~1\\AppData\\Local\\Temp\\rust_mozprofileAE6wJu"
1587896501196	addons.webextension.doh-rollout@mozilla.org	WARN	Loading extension 'doh-rollout@mozilla.org': Reading manifest: Invalid extension permission: networkStatus
1587896501300	addons.webextension.screenshots@mozilla.org	WARN	Loading extension 'screenshots@mozilla.org': Reading manifest: Invalid extension permission: mozillaAddons
1587896501300	addons.webextension.screenshots@mozilla.org	WARN	Loading extension 'screenshots@mozilla.org': Reading manifest: Invalid extension permission: telemetry
1587896501300	addons.webextension.screenshots@mozilla.org	WARN	Loading extension 'screenshots@mozilla.org': Reading manifest: Invalid extension permission: resource://pdf.js/
1587896501300	addons.webextension.screenshots@mozilla.org	WARN	Loading extension 'screenshots@mozilla.org': Reading manifest: Invalid extension permission: about:reader*
JavaScript error: resource://gre/modules/XULStore.jsm, line 66: Error: Can't find profile directory.
1587896505790	Marionette	INFO	Listening on port 2955
1587896506118	Marionette	WARN	TLS certificate errors will be ignored for this session
JavaScript error: https://mall.sz.energy.js.cn/static/js/e565ed4c.js, line 1: ReferenceError: removed is not defined
JavaScript error: https://mall.sz.energy.js.cn/static/js/e565ed4c.js, line 1: ReferenceError: removed is not defined
JavaScript error: https://mall.sz.energy.js.cn/static/js/e565ed4c.js, line 1: ReferenceError: removed is not defined
JavaScript error: https://mall.sz.energy.js.cn/static/js/e565ed4c.js, line 1: ReferenceError: removed is not defined
JavaScript error: https://mall.sz.energy.js.cn/static/js/e565ed4c.js, line 1: ReferenceError: removed is not defined
JavaScript error: https://mall.sz.energy.js.cn/static/js/e565ed4c.js, line 1: ReferenceError: removed is not defined
JavaScript error: https://mall.sz.energy.js.cn/static/js/e565ed4c.js, line 1: ReferenceError: removed is not defined
JavaScript error: https://mall.sz.energy.js.cn/static/js/e565ed4c.js, line 1: ReferenceError: removed is not defined
JavaScript error: https://mall.sz.energy.js.cn/static/js/e565ed4c.js, line 1: ReferenceError: removed is not defined

###!!! [Child][RunMessage] Error: Channel closing: too late to send/recv, messages will be lost

JavaScript error: , line 0: AbortError: A request was aborted, for example through a call to IDBTransaction.abort.
1587896709061	Marionette	INFO	Stopped listening on port 2955

###!!! [Child][RunMessage] Error: Channel closing: too late to send/recv, messages will be lost


###!!! [Child][MessageChannel::SendAndWait] Error: Channel error: cannot send/recv

1587897527366	mozrunner::runner	INFO	Running command: "D:\\Firefox\\firefox.exe" "-marionette" "-foreground" "-no-remote" "-profile" "C:\\Users\\ADMINI~1\\AppData\\Local\\Temp\\rust_mozprofile7pYPSX"
1587897528834	addons.webextension.doh-rollout@mozilla.org	WARN	Loading extension 'doh-rollout@mozilla.org': Reading manifest: Invalid extension permission: networkStatus
1587897528966	addons.webextension.screenshots@mozilla.org	WARN	Loading extension 'screenshots@mozilla.org': Reading manifest: Invalid extension permission: mozillaAddons
1587897528966	addons.webextension.screenshots@mozilla.org	WARN	Loading extension 'screenshots@mozilla.org': Reading manifest: Invalid extension permission: telemetry
1587897528966	addons.webextension.screenshots@mozilla.org	WARN	Loading extension 'screenshots@mozilla.org': Reading manifest: Invalid extension permission: resource://pdf.js/
1587897528966	addons.webextension.screenshots@mozilla.org	WARN	Loading extension 'screenshots@mozilla.org': Reading manifest: Invalid extension permission: about:reader*
JavaScript error: resource://gre/modules/XULStore.jsm, line 66: Error: Can't find profile directory.
1587897533452	Marionette	INFO	Listening on port 3566
1587897533646	Marionette	WARN	TLS certificate errors will be ignored for this session
JavaScript error: resource://gre/modules/XULStore.jsm, line 66: Error: Can't find profile directory.
JavaScript warning: http://221.224.159.210:1083/zentao/js/all.js?v=12.2, line 1: Error: Script terminated by timeout at:
b.fn.extend@http://221.224.159.210:1083/zentao/js/all.js?v=12.2:1:2795
simulate@http://221.224.159.210:1083/zentao/js/all.js?v=12.2:1:30904
r@http://221.224.159.210:1083/zentao/js/all.js?v=12.2:1:34037

JavaScript error: resource://gre/modules/XULStore.jsm, line 66: Error: Can't find profile directory.
JavaScript warning: https://anquan.baidu.com/webstatic/lib/jquery.min.js?ver=1587898602, line 2: Using //@ to indicate sourceMappingURL pragmas is deprecated. Use //# instead
JavaScript warning: https://wappass.baidu.com/static/touch/js/lib/fingerprint.js, line 1: Error: WebGL warning: linkProgram: Must have a compiled vertex shader attached.
JavaScript warning: https://wappass.baidu.com/static/touch/js/lib/fingerprint.js, line 1: Error: WebGL warning: useProgram: Program has not been successfully linked.
JavaScript warning: https://wappass.baidu.com/static/touch/js/lib/fingerprint.js, line 1: Error: WebGL warning: getAttribLocation: `program` must be linked.
JavaScript warning: https://wappass.baidu.com/static/touch/js/lib/fingerprint.js, line 1: Error: WebGL warning: getUniformLocation: `program` must be linked.
JavaScript warning: https://wappass.baidu.com/static/touch/js/lib/fingerprint.js, line 1: Error: WebGL warning: vertexAttribPointer: -1 is not a valid `index`. This value probably comes from a getAttribLocation() call, where this return value -1 means that the passed name didn't correspond to an active attribute in the specified program.
JavaScript warning: https://wappass.baidu.com/static/touch/js/lib/fingerprint.js, line 1: Error: WebGL warning: drawArrays: The current program is not linked.
JavaScript warning: http://221.224.159.210:1083/zentao/js/all.js?v=12.2, line 1: Error: Script terminated by timeout at:
b.fn.extend@http://221.224.159.210:1083/zentao/js/all.js?v=12.2:1:2795
simulate@http://221.224.159.210:1083/zentao/js/all.js?v=12.2:1:30904
r@http://221.224.159.210:1083/zentao/js/all.js?v=12.2:1:34037

JavaScript warning: http://221.224.159.210:1083/zentao/js/all.js?v=12.2, line 1: Error: Script terminated by timeout at:
b.Event@http://221.224.159.210:1083/zentao/js/all.js?v=12.2:1:31290
simulate@http://221.224.159.210:1083/zentao/js/all.js?v=12.2:1:30911
r@http://221.224.159.210:1083/zentao/js/all.js?v=12.2:1:34037

JavaScript warning: http://221.224.159.210:1083/zentao/js/all.js?v=12.2, line 1: Error: Script terminated by timeout at:
fix@http://221.224.159.210:1083/zentao/js/all.js?v=12.2:1:29344
r@http://221.224.159.210:1083/zentao/js/all.js?v=12.2:1:34065

JavaScript error: resource://gre/modules/XULStore.jsm, line 66: Error: Can't find profile directory.
JavaScript warning: http://221.224.159.210:1083/zentao/js/all.js?v=12.2, line 1: Error: Script terminated by timeout at:
b.fn.extend@http://221.224.159.210:1083/zentao/js/all.js?v=12.2:1:2795
simulate@http://221.224.159.210:1083/zentao/js/all.js?v=12.2:1:30904
r@http://221.224.159.210:1083/zentao/js/all.js?v=12.2:1:34037

JavaScript error: resource://gre/modules/XULStore.jsm, line 66: Error: Can't find profile directory.
console.error: "Task cancelled"
JavaScript error: http://221.224.159.210:9002/cdn/jquery/3.2.1/jquery.min.js, line 2: NS_ERROR_NOT_INITIALIZED: 
JavaScript error: https://www.jinhui120.com/theme/website/images/js/jquery-1.9.1.min.js, line 1: NS_ERROR_NOT_INITIALIZED: 
JavaScript error: resource:///actors/ContentMetaChild.jsm, line 167: InvalidStateError: An attempt was made to use an object that is not, or is no longer, usable
JavaScript warning: http://221.224.159.210:9002/cdn/jquery/3.2.1/jquery.min.js, line 2: Error: Script terminated by timeout at:
r.fn.extend@http://221.224.159.210:9002/cdn/jquery/3.2.1/jquery.min.js:2:1688
simulate@http://221.224.159.210:9002/cdn/jquery/3.2.1/jquery.min.js:4:5992
c@http://221.224.159.210:9002/cdn/jquery/3.2.1/jquery.min.js:4:6743

[Parent 27588, Gecko_IOThread] WARNING: file z:/task_1579288126/build/src/ipc/chromium/src/base/process_util_win.cc, line 160
1587921197415	Marionette	INFO	Stopped listening on port 3566

###!!! [Child][RunMessage] Error: Channel closing: too late to send/recv, messages will be lost

	INFO	Listening on port 4750
1587899722800	Marionette	WARN	TLS certificate errors will be ignored for this session
JavaScript error: resource://gre/modules/IndexedDB.jsm, line 370: UnknownError: The operation failed for reasons unrelated to the database itself and not covered by any other error code.
1587899759476	Marionette	INFO	Stopped listening on port 4750

###!!! [Child][MessageChannel::SendAndWait] Error: Channel error: cannot send/recv

1587954261119	mozrunner::runner	INFO	Running command: "D:\\Firefox\\firefox.exe" "-marionette" "-foreground" "-no-remote" "-profile" "C:\\Users\\ADMINI~1\\AppData\\Local\\Temp\\rust_mozprofilelEU2Q1"
1587954265969	addons.webextension.doh-rollout@mozilla.org	WARN	Loading extension 'doh-rollout@mozilla.org': Reading manifest: Invalid extension permission: networkStatus
1587954266264	addons.webextension.screenshots@mozilla.org	WARN	Loading extension 'screenshots@mozilla.org': Reading manifest: Invalid extension permission: mozillaAddons
1587954266264	addons.webextension.screenshots@mozilla.org	WARN	Loading extension 'screenshots@mozilla.org': Reading manifest: Invalid extension permission: telemetry
1587954266265	addons.webextension.screenshots@mozilla.org	WARN	Loading extension 'screenshots@mozilla.org': Reading manifest: Invalid extension permission: resource://pdf.js/
1587954266265	addons.webextension.screenshots@mozilla.org	WARN	Loading extension 'screenshots@mozilla.org': Reading manifest: Invalid extension permission: about:reader*
JavaScript error: resource://gre/modules/XULStore.jsm, line 66: Error: Can't find profile directory.
1587954278024	Marionette	INFO	Listening on port 50838
1587954279393	Marionette	WARN	TLS certificate errors will be ignored for this session
JavaScript error: resource://gre/modules/XULStore.jsm, line 66: Error: Can't find profile directory.
JavaScript error: https://live.sioeye.cn/dist-2.0/combine/js/me-a1c4298319.min.js, line 3: TypeError: e(...).cropper(...) is null
JavaScript error: blob:https://live.sioeye.cn/7cad3a29-c4a1-428c-b9b2-e599326cc7ec, line 4: SecurityError: The operation is insecure.
JavaScript error: https://live.sioeye.cn/dist-2.0/combine/js/me-a1c4298319.min.js, line 3: TypeError: e(...).cropper(...) is null
JavaScript error: https://live.sioeye.cn/dist-2.0/combine/js/me-a1c4298319.min.js, line 3: TypeError: e(...).cropper(...) is null
JavaScript error: https://live.sioeye.cn/dist-2.0/combine/js/me-a1c4298319.min.js, line 3: TypeError: e(...).cropper(...) is null
JavaScript error: https://live.sioeye.cn/dist-2.0/combine/js/me-a1c4298319.min.js, line 3: TypeError: e(...).cropper(...) is null
JavaScript error: https://live.sioeye.cn/dist-2.0/combine/js/me-a1c4298319.min.js, line 3: TypeError: e(...).cropper(...) is null
JavaScript error: https://live.sioeye.cn/dist-2.0/combine/js/me-a1c4298319.min.js, line 3: TypeError: e(...).cropper(...) is null
JavaScript error: https://live.sioeye.cn/dist-2.0/combine/js/me-a1c4298319.min.js, line 3: TypeError: e(...).cropper(...) is null
JavaScript error: https://live.sioeye.cn/dist-2.0/combine/js/me-a1c4298319.min.js, line 3: TypeError: e(...).cropper(...) is null
JavaScript error: https://live.sioeye.cn/dist-2.0/combine/js/me-a1c4298319.min.js, line 3: TypeError: e(...).cropper(...) is null
JavaScript error: https://live.sioeye.cn/dist-2.0/combine/js/me-a1c4298319.min.js, line 3: TypeError: e(...).cropper(...) is null
JavaScript error: https://live.sioeye.cn/dist-2.0/combine/js/me-a1c4298319.min.js, line 3: TypeError: e(...).cropper(...) is null
1587962351051	Marionette	INFO	Stopped listening on port 50838

###!!! [Child][MessageChannel::SendAndWait] Error: Channel error: cannot send/recv

~1\\AppData\\Local\\Temp\\rust_mozprofileGj2nAm"
1587962016201	addons.webextension.doh-rollout@mozilla.org	WARN	Loading extension 'doh-rollout@mozilla.org': Reading manifest: Invalid extension permission: networkStatus
1587962016362	addons.webextension.screenshots@mozilla.org	WARN	Loading extension 'screenshots@mozilla.org': Reading manifest: Invalid extension permission: mozillaAddons
1587962016363	addons.webextension.screenshots@mozilla.org	WARN	Loading extension 'screenshots@mozilla.org': Reading manifest: Invalid extension permission: telemetry
1587962016363	addons.webextension.screenshots@mozilla.org	WARN	Loading extension 'screenshots@mozilla.org': Reading manifest: Invalid extension permission: resource://pdf.js/
1587962016363	addons.webextension.screenshots@mozilla.org	WARN	Loading extension 'screenshots@mozilla.org': Reading manifest: Invalid extension permission: about:reader*
JavaScript error: resource://gre/modules/XULStore.jsm, line 66: Error: Can't find profile directory.
1587962027514	Marionette	INFO	Listening on port 63000
1587962028113	Marionette	WARN	TLS certificate errors will be ignored for this session
JavaScript error: resource://gre/modules/XULStore.jsm, line 66: Error: Can't find profile directory.
JavaScript error: resource://gre/actors/AutoCompleteChild.jsm, line 196: Error: Invalid autocomplete selectedIndex
JavaScript error: resource://gre/actors/AutoCompleteChild.jsm, line 196: Error: Invalid autocomplete selectedIndex
JavaScript error: resource://gre/modules/LoginManagerChild.jsm, line 179: NS_ERROR_XPC_JAVASCRIPT_ERROR_WITH_DETAILS: [JavaScript Error: "Invalid autocomplete selectedIndex" {file: "resource://gre/actors/AutoCompleteChild.jsm" line: 196}]'[JavaScript Error: "Invalid autocomplete selectedIndex" {file: "resource://gre/actors/AutoCompleteChild.jsm" line: 196}]' when calling method: [nsIAutoCompletePopup::selectedIndex]
JavaScript warning: https://cloudop.sioeye.com/assets/js/jquery.js, line 2: Error: Script terminated by timeout at:
now@https://cloudop.sioeye.com/assets/js/jquery.js:2:4075
m.Event@https://cloudop.sioeye.com/assets/js/jquery.js:4:11662
trigger@https://cloudop.sioeye.com/assets/js/jquery.js:4:7018
trigger/<@https://cloudop.sioeye.com/assets/js/jquery.js:4:15517
each@https://cloudop.sioeye.com/assets/js/jquery.js:2:2975
each@https://cloudop.sioeye.com/assets/js/jquery.js:2:835
trigger@https://cloudop.sioeye.com/assets/js/jquery.js:4:15493
Modal.prototype.enforceFocus/<@https://cloudop.sioeye.com/assets/js/bootstrap.min.js:1054:25
e@https://cloudop.sioeye.com/assets/js/jquery.js:2:3959
dispatch@https://cloudop.sioeye.com/assets/js/jquery.js:4:8549
add/r.handle@https://cloudop.sioeye.com/assets/js/jquery.js:4:5252
trigger@https://cloudop.sioeye.com/assets/js/jquery.js:4:7650
simulate@https://cloudop.sioeye.com/assets/js/jquery.js:4:11104
c@https://cloudop.sioeye.com/assets/js/jquery.js:4:14278

JavaScript warning: https://cloudop.sioeye.com/assets/js/jquery.js, line 2: Error: Script terminated by timeout at:
m.fn.init@https://cloudop.sioeye.com/assets/js/jquery.js:2:24841
m@https://cloudop.sioeye.com/assets/js/jquery.js:2:393
has@https://cloudop.sioeye.com/assets/js/jquery.js:2:25242
Modal.prototype.enforceFocus/<@https://cloudop.sioeye.com/assets/js/bootstrap.min.js:1053:61
e@https://cloudop.sioeye.com/assets/js/jquery.js:2:3959
dispatch@https://cloudop.sioeye.com/assets/js/jquery.js:4:8549
add/r.handle@https://cloudop.sioeye.com/assets/js/jquery.js:4:5252
trigger@https://cloudop.sioeye.com/assets/js/jquery.js:4:7650
simulate@https://cloudop.sioeye.com/assets/js/jquery.js:4:11104
c@https://cloudop.sioeye.com/assets/js/jquery.js:4:14278

1587962340598	Marionette	INFO	Stopped listening on port 63000

###!!! [Child][MessageChannel::SendAndWait] Error: Channel error: cannot send/recv

1588059855507	mozrunner::runner	INFO	Running command: "D:\\Firefox\\firefox.exe" "-marionette" "-foreground" "-no-remote" "-profile" "C:\\Users\\ADMINI~1\\AppData\\Local\\Temp\\rust_mozprofileWEiHEr"
1588059857785	addons.webextension.doh-rollout@mozilla.org	WARN	Loading extension 'doh-rollout@mozilla.org': Reading manifest: Invalid extension permission: networkStatus
1588059857996	addons.webextension.screenshots@mozilla.org	WARN	Loading extension 'screenshots@mozilla.org': Reading manifest: Invalid extension permission: mozillaAddons
1588059857996	addons.webextension.screenshots@mozilla.org	WARN	Loading extension 'screenshots@mozilla.org': Reading manifest: Invalid extension permission: telemetry
1588059857997	addons.webextension.screenshots@mozilla.org	WARN	Loading extension 'screenshots@mozilla.org': Reading manifest: Invalid extension permission: resource://pdf.js/
1588059857997	addons.webextension.screenshots@mozilla.org	WARN	Loading extension 'screenshots@mozilla.org': Reading manifest: Invalid extension permission: about:reader*
JavaScript error: resource://gre/modules/XULStore.jsm, line 66: Error: Can't find profile directory.
1588059866995	Marionette	INFO	Listening on port 51324
1588059867179	Marionette	WARN	TLS certificate errors will be ignored for this session
JavaScript error: http://znsv.baidu.com/customer_search/api/js?sid=12792518980486119706&plate_url=http%3A%2F%2Fwk.yl1001.com%2F&t=441128, line 1: SyntaxError: expected expression, got '<'
JavaScript warning: http://img3.job1001.com/HrDoc/2.0/js/hrDoc_new.js, line 396: unreachable code after return statement
1588060005254	Marionette	INFO	Stopped listening on port 51324

###!!! [Child][RunMessage] Error: Channel closing: too late to send/recv, messages will be lost


###!!! [Child][MessageChannel::SendAndWait] Error: Channel error: cannot send/recv

1588060715321	mozrunner::runner	INFO	Running command: "D:\\Firefox\\firefox.exe" "-marionette" "-foreground" "-no-remote" "-profile" "C:\\Users\\ADMINI~1\\AppData\\Local\\Temp\\rust_mozprofileoxtqnc"
1588060716727	addons.webextension.doh-rollout@mozilla.org	WARN	Loading extension 'doh-rollout@mozilla.org': Reading manifest: Invalid extension permission: networkStatus
1588060716843	addons.webextension.screenshots@mozilla.org	WARN	Loading extension 'screenshots@mozilla.org': Reading manifest: Invalid extension permission: mozillaAddons
1588060716843	addons.webextension.screenshots@mozilla.org	WARN	Loading extension 'screenshots@mozilla.org': Reading manifest: Invalid extension permission: telemetry
1588060716843	addons.webextension.screenshots@mozilla.org	WARN	Loading extension 'screenshots@mozilla.org': Reading manifest: Invalid extension permission: resource://pdf.js/
1588060716843	addons.webextension.screenshots@mozilla.org	WARN	Loading extension 'screenshots@mozilla.org': Reading manifest: Invalid extension permission: about:reader*
JavaScript error: resource://gre/modules/XULStore.jsm, line 66: Error: Can't find profile directory.
1588060722014	Marionette	INFO	Listening on port 54596
1588060722185	Marionette	WARN	TLS certificate errors will be ignored for this session
JavaScript error: resource://gre/modules/XULStore.jsm, line 66: Error: Can't find profile directory.
JavaScript error: resource://gre/modules/LoginAutoCompleteResult.jsm, line 457: NS_ERROR_FAILURE: Component returned failure code: 0x80004005 (NS_ERROR_FAILURE) [nsIURI.host]
JavaScript warning: http://221.224.159.213:8088/cdn/jquery/3.2.1/jquery.min.js, line 3: Error: Script terminated by timeout at:
set@http://221.224.159.213:8088/cdn/jquery/3.2.1/jquery.min.js:3:11204
r.fn.extend@http://221.224.159.213:8088/cdn/jquery/3.2.1/jquery.min.js:2:1849
simulate@http://221.224.159.213:8088/cdn/jquery/3.2.1/jquery.min.js:4:5992
c@http://221.224.159.213:8088/cdn/jquery/3.2.1/jquery.min.js:4:6743

1588064624147	Marionette	INFO	Stopped listening on port 54596

###!!! [Child][RunMessage] Error: Channel closing: too late to send/recv, messages will be lost


###!!! [Child][MessageChannel::SendAndWait] Error: Channel error: cannot send/recv

1588156211862	mozrunner::runner	INFO	Running command: "D:\\Firefox\\firefox.exe" "-marionette" "-foreground" "-no-remote" "-profile" "C:\\Users\\ADMINI~1\\AppData\\Local\\Temp\\rust_mozprofileEFiBRb"
1588156213990	addons.webextension.doh-rollout@mozilla.org	WARN	Loading extension 'doh-rollout@mozilla.org': Reading manifest: Invalid extension permission: networkStatus
1588156214141	addons.webextension.screenshots@mozilla.org	WARN	Loading extension 'screenshots@mozilla.org': Reading manifest: Invalid extension permission: mozillaAddons
1588156214141	addons.webextension.screenshots@mozilla.org	WARN	Loading extension 'screenshots@mozilla.org': Reading manifest: Invalid extension permission: telemetry
1588156214141	addons.webextension.screenshots@mozilla.org	WARN	Loading extension 'screenshots@mozilla.org': Reading manifest: Invalid extension permission: resource://pdf.js/
1588156214141	addons.webextension.screenshots@mozilla.org	WARN	Loading extension 'screenshots@mozilla.org': Reading manifest: Invalid extension permission: about:reader*
JavaScript error: resource://gre/modules/XULStore.jsm, line 66: Error: Can't find profile directory.
1588156223385	Marionette	INFO	Listening on port 30205
1588156224465	Marionette	WARN	TLS certificate errors will be ignored for this session
JavaScript warning: http://m.pep.com.cn/images/jquery.min.js, line 2: Using //@ to indicate sourceMappingURL pragmas is deprecated. Use //# instead
JavaScript warning: https://jcyjfk.pep.com.cn/static/js/select/jquery-1.9.1.min.js, line 2: Using //@ to indicate sourceMappingURL pragmas is deprecated. Use //# instead
JavaScript error: resource:///actors/ContentMetaChild.jsm, line 167: InvalidStateError: An attempt was made to use an object that is not, or is no longer, usable
1588157027485	Marionette	INFO	Stopped listening on port 30205

###!!! [Child][RunMessage] Error: Channel closing: too late to send/recv, messages will be lost


###!!! [Child][MessageChannel::SendAndWait] Error: Channel error: cannot send/recv

1588236164312	mozrunner::runner	INFO	Running command: "D:\\Firefox\\firefox.exe" "-marionette" "-foreground" "-no-remote" "-profile" "C:\\Users\\ADMINI~1\\AppData\\Local\\Temp\\rust_mozprofileuEp1om"
1588236166771	addons.webextension.doh-rollout@mozilla.org	WARN	Loading extension 'doh-rollout@mozilla.org': Reading manifest: Invalid extension permission: networkStatus
1588236166919	addons.webextension.screenshots@mozilla.org	WARN	Loading extension 'screenshots@mozilla.org': Reading manifest: Invalid extension permission: mozillaAddons
1588236166919	addons.webextension.screenshots@mozilla.org	WARN	Loading extension 'screenshots@mozilla.org': Reading manifest: Invalid extension permission: telemetry
1588236166919	addons.webextension.screenshots@mozilla.org	WARN	Loading extension 'screenshots@mozilla.org': Reading manifest: Invalid extension permission: resource://pdf.js/
1588236166919	addons.webextension.screenshots@mozilla.org	WARN	Loading extension 'screenshots@mozilla.org': Reading manifest: Invalid extension permission: about:reader*
JavaScript error: resource://gre/modules/XULStore.jsm, line 66: Error: Can't find profile directory.
1588236175937	Marionette	INFO	Listening on port 26009
1588236176526	Marionette	WARN	TLS certificate errors will be ignored for this session
JavaScript warning: http://221.224.159.210:1083/zentao/js/all.js?v=12.2, line 1: Error: Script terminated by timeout at:
trigger@http://221.224.159.210:1083/zentao/js/all.js?v=12.2:1:27309
ah.event.trigger@http://221.224.159.210:1083/zentao/js/all.js?v=12.2:1:99896
simulate@http://221.224.159.210:1083/zentao/js/all.js?v=12.2:1:30977
r@http://221.224.159.210:1083/zentao/js/all.js?v=12.2:1:34037

JavaScript warning: http://221.224.159.210:1083/zentao/js/all.js?v=12.2, line 1: Error: Script terminated by timeout at:
fix@http://221.224.159.210:1083/zentao/js/all.js?v=12.2:1:29344
r@http://221.224.159.210:1083/zentao/js/all.js?v=12.2:1:34065

JavaScript warning: http://221.224.159.210:1083/zentao/js/all.js?v=12.2, line 1: Error: Script terminated by timeout at:
isWindow@http://221.224.159.210:1083/zentao/js/all.js?v=12.2:1:3511
trigger@http://221.224.159.210:1083/zentao/js/all.js?v=12.2:1:27269
ah.event.trigger@http://221.224.159.210:1083/zentao/js/all.js?v=12.2:1:99896
simulate@http://221.224.159.210:1083/zentao/js/all.js?v=12.2:1:30977
r@http://221.224.159.210:1083/zentao/js/all.js?v=12.2:1:34037

JavaScript error: http://cdn-js.health.com/sites/default/files/advagg_js/js__ZYFIlZn65J4htPpzGrPQqN3r1MNRJLNUiYaUSA6wAtA__AqyDEmrCMno0u5hXEUwGV8sC743ShsBum9ifC32vTKk__t6PUw37-qM7wpRtJZPMFYZwdotkY0H21eLq4tgCvihI.js, line 92: TypeError: $.throttle is not a function
JavaScript error: http://cdn-js.health.com/sites/default/files/advagg_js/js__oDtz7xp7lDBuxCoT5ct5QFlMbio0HfExWuxQ1QR6CEE__RQsSOBW5HP_5nxd6KlL_COxyyupT2yH8Cwc18yWYQMk__t6PUw37-qM7wpRtJZPMFYZwdotkY0H21eLq4tgCvihI.js, line 12: TypeError: $.throttle is not a function
JavaScript warning: http://user.medline.org.cn/res/js/jquery/jquery-1.9.1.min.js, line 2: Using //@ to indicate sourceMappingURL pragmas is deprecated. Use //# instead
JavaScript warning: http://medline.org.cn/res/js/jquery/jquery-1.9.1.min.js, line 2: Using //@ to indicate sourceMappingURL pragmas is deprecated. Use //# instead
console.error: "Task cancelled"
1588237102491	Marionette	INFO	Stopped listening on port 26009

###!!! [Child][RunMessage] Error: Channel closing: too late to send/recv, messages will be lost


###!!! [Child][MessageChannel::SendAndWait] Error: Channel error: cannot send/recv

